[0.577s] DEBUG:colcon:Command line arguments: ['/usr/bin/colcon', 'build', '--packages-select', 'cv_basics']
[0.577s] DEBUG:colcon:Parsed command line arguments: Namespace(allow_overriding=[], ament_cmake_args=None, base_paths=['.'], build_base='build', catkin_cmake_args=None, catkin_skip_building_tests=False, cmake_args=None, cmake_clean_cache=False, cmake_clean_first=False, cmake_force_configure=False, cmake_target=None, cmake_target_skip_unavailable=False, continue_on_error=False, event_handlers=None, executor='parallel', ignore_user_meta=False, install_base='install', log_base=None, log_level=None, main=<bound method BuildVerb.main of <colcon_core.verb.build.BuildVerb object at 0x7fde72e10940>>, merge_install=False, metas=['./colcon.meta'], packages_above=None, packages_above_and_dependencies=None, packages_above_depth=None, packages_end=None, packages_ignore=None, packages_ignore_regex=None, packages_select=['cv_basics'], packages_select_build_failed=False, packages_select_by_dep=None, packages_select_regex=None, packages_select_test_failures=False, packages_skip=None, packages_skip_build_finished=False, packages_skip_by_dep=None, packages_skip_regex=None, packages_skip_test_passed=False, packages_skip_up_to=None, packages_start=None, packages_up_to=None, packages_up_to_regex=None, parallel_workers=4, paths=None, symlink_install=False, test_result_base=None, verb_extension=<colcon_core.verb.build.BuildVerb object at 0x7fde72e10940>, verb_name='build', verb_parser=<colcon_defaults.argument_parser.defaults.DefaultArgumentsDecorator object at 0x7fde72e10eb0>)
[0.685s] Level 1:colcon.colcon_core.package_discovery:discover_packages(colcon_meta) check parameters
[0.686s] Level 1:colcon.colcon_core.package_discovery:discover_packages(recursive) check parameters
[0.686s] Level 1:colcon.colcon_core.package_discovery:discover_packages(ignore) check parameters
[0.686s] Level 1:colcon.colcon_core.package_discovery:discover_packages(path) check parameters
[0.686s] Level 1:colcon.colcon_core.package_discovery:discover_packages(colcon_meta) discover
[0.686s] Level 1:colcon.colcon_core.package_discovery:discover_packages(recursive) discover
[0.686s] INFO:colcon.colcon_core.package_discovery:Crawling recursively for packages in '/home/luckykoritela/ros_ws'
[0.687s] Level 1:colcon.colcon_core.package_identification:_identify(.) by extensions ['ignore', 'ignore_ament_install']
[0.687s] Level 1:colcon.colcon_core.package_identification:_identify(.) by extension 'ignore'
[0.687s] Level 1:colcon.colcon_core.package_identification:_identify(.) by extension 'ignore_ament_install'
[0.687s] Level 1:colcon.colcon_core.package_identification:_identify(.) by extensions ['colcon_pkg']
[0.687s] Level 1:colcon.colcon_core.package_identification:_identify(.) by extension 'colcon_pkg'
[0.687s] Level 1:colcon.colcon_core.package_identification:_identify(.) by extensions ['colcon_meta']
[0.687s] Level 1:colcon.colcon_core.package_identification:_identify(.) by extension 'colcon_meta'
[0.687s] Level 1:colcon.colcon_core.package_identification:_identify(.) by extensions ['ros']
[0.688s] Level 1:colcon.colcon_core.package_identification:_identify(.) by extension 'ros'
[0.730s] Level 1:colcon.colcon_core.package_identification:_identify(.) by extensions ['cmake', 'python']
[0.730s] Level 1:colcon.colcon_core.package_identification:_identify(.) by extension 'cmake'
[0.730s] Level 1:colcon.colcon_core.package_identification:_identify(.) by extension 'python'
[0.731s] Level 1:colcon.colcon_core.package_identification:_identify(.) by extensions ['python_setup_py']
[0.731s] Level 1:colcon.colcon_core.package_identification:_identify(.) by extension 'python_setup_py'
[0.731s] Level 1:colcon.colcon_core.package_identification:_identify(build) by extensions ['ignore', 'ignore_ament_install']
[0.731s] Level 1:colcon.colcon_core.package_identification:_identify(build) by extension 'ignore'
[0.731s] Level 1:colcon.colcon_core.package_identification:_identify(build) ignored
[0.731s] Level 1:colcon.colcon_core.package_identification:_identify(install) by extensions ['ignore', 'ignore_ament_install']
[0.732s] Level 1:colcon.colcon_core.package_identification:_identify(install) by extension 'ignore'
[0.732s] Level 1:colcon.colcon_core.package_identification:_identify(install) ignored
[0.732s] Level 1:colcon.colcon_core.package_identification:_identify(log) by extensions ['ignore', 'ignore_ament_install']
[0.732s] Level 1:colcon.colcon_core.package_identification:_identify(log) by extension 'ignore'
[0.732s] Level 1:colcon.colcon_core.package_identification:_identify(log) ignored
[0.732s] Level 1:colcon.colcon_core.package_identification:_identify(src) by extensions ['ignore', 'ignore_ament_install']
[0.732s] Level 1:colcon.colcon_core.package_identification:_identify(src) by extension 'ignore'
[0.732s] Level 1:colcon.colcon_core.package_identification:_identify(src) by extension 'ignore_ament_install'
[0.733s] Level 1:colcon.colcon_core.package_identification:_identify(src) by extensions ['colcon_pkg']
[0.733s] Level 1:colcon.colcon_core.package_identification:_identify(src) by extension 'colcon_pkg'
[0.733s] Level 1:colcon.colcon_core.package_identification:_identify(src) by extensions ['colcon_meta']
[0.733s] Level 1:colcon.colcon_core.package_identification:_identify(src) by extension 'colcon_meta'
[0.733s] Level 1:colcon.colcon_core.package_identification:_identify(src) by extensions ['ros']
[0.733s] Level 1:colcon.colcon_core.package_identification:_identify(src) by extension 'ros'
[0.733s] Level 1:colcon.colcon_core.package_identification:_identify(src) by extensions ['cmake', 'python']
[0.733s] Level 1:colcon.colcon_core.package_identification:_identify(src) by extension 'cmake'
[0.733s] Level 1:colcon.colcon_core.package_identification:_identify(src) by extension 'python'
[0.733s] Level 1:colcon.colcon_core.package_identification:_identify(src) by extensions ['python_setup_py']
[0.733s] Level 1:colcon.colcon_core.package_identification:_identify(src) by extension 'python_setup_py'
[0.734s] Level 1:colcon.colcon_core.package_identification:_identify(src/cv_basics) by extensions ['ignore', 'ignore_ament_install']
[0.734s] Level 1:colcon.colcon_core.package_identification:_identify(src/cv_basics) by extension 'ignore'
[0.734s] Level 1:colcon.colcon_core.package_identification:_identify(src/cv_basics) by extension 'ignore_ament_install'
[0.734s] Level 1:colcon.colcon_core.package_identification:_identify(src/cv_basics) by extensions ['colcon_pkg']
[0.734s] Level 1:colcon.colcon_core.package_identification:_identify(src/cv_basics) by extension 'colcon_pkg'
[0.734s] Level 1:colcon.colcon_core.package_identification:_identify(src/cv_basics) by extensions ['colcon_meta']
[0.734s] Level 1:colcon.colcon_core.package_identification:_identify(src/cv_basics) by extension 'colcon_meta'
[0.735s] Level 1:colcon.colcon_core.package_identification:_identify(src/cv_basics) by extensions ['ros']
[0.735s] Level 1:colcon.colcon_core.package_identification:_identify(src/cv_basics) by extension 'ros'
[0.739s] DEBUG:colcon.colcon_core.package_identification:Package 'src/cv_basics' with type 'ros.ament_python' and name 'cv_basics'
[0.739s] Level 1:colcon.colcon_core.package_discovery:discover_packages(recursive) using defaults
[0.739s] Level 1:colcon.colcon_core.package_discovery:discover_packages(ignore) discover
[0.739s] Level 1:colcon.colcon_core.package_discovery:discover_packages(ignore) using defaults
[0.739s] Level 1:colcon.colcon_core.package_discovery:discover_packages(path) discover
[0.740s] Level 1:colcon.colcon_core.package_discovery:discover_packages(path) using defaults
[0.831s] Level 1:colcon.colcon_core.package_discovery:discover_packages(prefix_path) check parameters
[0.832s] Level 1:colcon.colcon_core.package_discovery:discover_packages(prefix_path) discover
[0.862s] DEBUG:colcon.colcon_installed_package_information.package_discovery:Found 2 installed packages in /home/luckykoritela/ros_ws/install
[0.882s] DEBUG:colcon.colcon_installed_package_information.package_discovery:Found 350 installed packages in /home/luckykoritela/ros2_rolling/install
[0.888s] Level 1:colcon.colcon_core.package_discovery:discover_packages(prefix_path) using defaults
[0.942s] Level 5:colcon.colcon_core.verb:set package 'cv_basics' build argument 'cmake_args' from command line to 'None'
[0.942s] Level 5:colcon.colcon_core.verb:set package 'cv_basics' build argument 'cmake_target' from command line to 'None'
[0.942s] Level 5:colcon.colcon_core.verb:set package 'cv_basics' build argument 'cmake_target_skip_unavailable' from command line to 'False'
[0.942s] Level 5:colcon.colcon_core.verb:set package 'cv_basics' build argument 'cmake_clean_cache' from command line to 'False'
[0.942s] Level 5:colcon.colcon_core.verb:set package 'cv_basics' build argument 'cmake_clean_first' from command line to 'False'
[0.942s] Level 5:colcon.colcon_core.verb:set package 'cv_basics' build argument 'cmake_force_configure' from command line to 'False'
[0.942s] Level 5:colcon.colcon_core.verb:set package 'cv_basics' build argument 'ament_cmake_args' from command line to 'None'
[0.942s] Level 5:colcon.colcon_core.verb:set package 'cv_basics' build argument 'catkin_cmake_args' from command line to 'None'
[0.942s] Level 5:colcon.colcon_core.verb:set package 'cv_basics' build argument 'catkin_skip_building_tests' from command line to 'False'
[0.942s] DEBUG:colcon.colcon_core.verb:Building package 'cv_basics' with the following arguments: {'ament_cmake_args': None, 'build_base': '/home/luckykoritela/ros_ws/build/cv_basics', 'catkin_cmake_args': None, 'catkin_skip_building_tests': False, 'cmake_args': None, 'cmake_clean_cache': False, 'cmake_clean_first': False, 'cmake_force_configure': False, 'cmake_target': None, 'cmake_target_skip_unavailable': False, 'install_base': '/home/luckykoritela/ros_ws/install/cv_basics', 'merge_install': False, 'path': '/home/luckykoritela/ros_ws/src/cv_basics', 'symlink_install': False, 'test_result_base': None}
[0.945s] INFO:colcon.colcon_core.executor:Executing jobs using 'parallel' executor
[0.961s] DEBUG:colcon.colcon_parallel_executor.executor.parallel:run_until_complete
[0.962s] INFO:colcon.colcon_ros.task.ament_python.build:Building ROS package in '/home/luckykoritela/ros_ws/src/cv_basics' with build type 'ament_python'
[0.962s] Level 1:colcon.colcon_core.shell:create_environment_hook('cv_basics', 'ament_prefix_path')
[0.983s] INFO:colcon.colcon_core.plugin_system:Skipping extension 'colcon_core.shell.bat': Not used on non-Windows systems
[0.984s] INFO:colcon.colcon_core.shell:Creating environment hook '/home/luckykoritela/ros_ws/install/cv_basics/share/cv_basics/hook/ament_prefix_path.ps1'
[0.985s] INFO:colcon.colcon_core.shell:Creating environment descriptor '/home/luckykoritela/ros_ws/install/cv_basics/share/cv_basics/hook/ament_prefix_path.dsv'
[0.986s] INFO:colcon.colcon_core.shell:Creating environment hook '/home/luckykoritela/ros_ws/install/cv_basics/share/cv_basics/hook/ament_prefix_path.sh'
[0.993s] INFO:colcon.colcon_core.shell:Skip shell extension 'powershell' for command environment: Not usable outside of PowerShell
[0.993s] DEBUG:colcon.colcon_core.shell:Skip shell extension 'dsv' for command environment
[3.092s] INFO:colcon.colcon_core.task.python.build:Building Python package in '/home/luckykoritela/ros_ws/src/cv_basics'
[3.101s] INFO:colcon.colcon_core.shell:Skip shell extension 'powershell' for command environment: Not usable outside of PowerShell
[3.101s] DEBUG:colcon.colcon_core.shell:Skip shell extension 'dsv' for command environment
[5.430s] DEBUG:colcon.colcon_core.event_handler.log_command:Invoking command in '/home/luckykoritela/ros_ws/src/cv_basics': PYTHONPATH=/home/luckykoritela/ros_ws/install/cv_basics/lib/python3.8/site-packages:${PYTHONPATH} /usr/bin/python3 setup.py egg_info --egg-base ../../build/cv_basics build --build-base /home/luckykoritela/ros_ws/build/cv_basics/build install --prefix /home/luckykoritela/ros_ws/install/cv_basics --record /home/luckykoritela/ros_ws/build/cv_basics/install.log --single-version-externally-managed
[7.403s] DEBUG:colcon.colcon_core.event_handler.log_command:Invoked command in '/home/luckykoritela/ros_ws/src/cv_basics' returned '0': PYTHONPATH=/home/luckykoritela/ros_ws/install/cv_basics/lib/python3.8/site-packages:${PYTHONPATH} /usr/bin/python3 setup.py egg_info --egg-base ../../build/cv_basics build --build-base /home/luckykoritela/ros_ws/build/cv_basics/build install --prefix /home/luckykoritela/ros_ws/install/cv_basics --record /home/luckykoritela/ros_ws/build/cv_basics/install.log --single-version-externally-managed
[7.424s] Level 1:colcon.colcon_core.environment:checking '/home/luckykoritela/ros_ws/install/cv_basics' for CMake module files
[7.425s] Level 1:colcon.colcon_core.environment:checking '/home/luckykoritela/ros_ws/install/cv_basics' for CMake config files
[7.426s] Level 1:colcon.colcon_core.shell:create_environment_hook('cv_basics', 'cmake_prefix_path')
[7.431s] INFO:colcon.colcon_core.shell:Creating environment hook '/home/luckykoritela/ros_ws/install/cv_basics/share/cv_basics/hook/cmake_prefix_path.ps1'
[7.432s] INFO:colcon.colcon_core.shell:Creating environment descriptor '/home/luckykoritela/ros_ws/install/cv_basics/share/cv_basics/hook/cmake_prefix_path.dsv'
[7.433s] INFO:colcon.colcon_core.shell:Creating environment hook '/home/luckykoritela/ros_ws/install/cv_basics/share/cv_basics/hook/cmake_prefix_path.sh'
[7.435s] Level 1:colcon.colcon_core.environment:checking '/home/luckykoritela/ros_ws/install/cv_basics/lib'
[7.435s] Level 1:colcon.colcon_core.environment:checking '/home/luckykoritela/ros_ws/install/cv_basics/bin'
[7.436s] Level 1:colcon.colcon_core.environment:checking '/home/luckykoritela/ros_ws/install/cv_basics/lib/pkgconfig/cv_basics.pc'
[7.436s] Level 1:colcon.colcon_core.environment:checking '/home/luckykoritela/ros_ws/install/cv_basics/lib/python3.8/site-packages'
[7.436s] Level 1:colcon.colcon_core.shell:create_environment_hook('cv_basics', 'pythonpath')
[7.441s] INFO:colcon.colcon_core.shell:Creating environment hook '/home/luckykoritela/ros_ws/install/cv_basics/share/cv_basics/hook/pythonpath.ps1'
[7.442s] INFO:colcon.colcon_core.shell:Creating environment descriptor '/home/luckykoritela/ros_ws/install/cv_basics/share/cv_basics/hook/pythonpath.dsv'
[7.444s] INFO:colcon.colcon_core.shell:Creating environment hook '/home/luckykoritela/ros_ws/install/cv_basics/share/cv_basics/hook/pythonpath.sh'
[7.446s] Level 1:colcon.colcon_core.environment:checking '/home/luckykoritela/ros_ws/install/cv_basics/bin'
[7.446s] Level 1:colcon.colcon_core.environment:create_environment_scripts_only(cv_basics)
[7.454s] INFO:colcon.colcon_core.shell:Creating package script '/home/luckykoritela/ros_ws/install/cv_basics/share/cv_basics/package.ps1'
[7.456s] INFO:colcon.colcon_core.shell:Creating package descriptor '/home/luckykoritela/ros_ws/install/cv_basics/share/cv_basics/package.dsv'
[7.458s] INFO:colcon.colcon_core.shell:Creating package script '/home/luckykoritela/ros_ws/install/cv_basics/share/cv_basics/package.sh'
[7.460s] INFO:colcon.colcon_core.shell:Creating package script '/home/luckykoritela/ros_ws/install/cv_basics/share/cv_basics/package.bash'
[7.462s] INFO:colcon.colcon_core.shell:Creating package script '/home/luckykoritela/ros_ws/install/cv_basics/share/cv_basics/package.zsh'
[7.464s] Level 1:colcon.colcon_core.environment:create_file_with_runtime_dependencies(/home/luckykoritela/ros_ws/install/cv_basics/share/colcon-core/packages/cv_basics)
[7.465s] DEBUG:colcon.colcon_parallel_executor.executor.parallel:closing loop
[7.465s] DEBUG:colcon.colcon_parallel_executor.executor.parallel:loop closed
[7.465s] DEBUG:colcon.colcon_parallel_executor.executor.parallel:run_until_complete finished with '0'
[7.465s] DEBUG:colcon.colcon_core.event_reactor:joining thread
[7.498s] INFO:colcon.colcon_core.plugin_system:Skipping extension 'colcon_notification.desktop_notification.terminal_notifier': Not used on non-Darwin systems
[7.498s] INFO:colcon.colcon_core.plugin_system:Skipping extension 'colcon_notification.desktop_notification.win32': Not used on non-Windows systems
[7.498s] INFO:colcon.colcon_notification.desktop_notification:Sending desktop notification using 'notify2'
[7.539s] DEBUG:colcon.colcon_core.event_reactor:joined thread
[7.544s] INFO:colcon.colcon_core.shell:Creating prefix script '/home/luckykoritela/ros_ws/install/local_setup.ps1'
[7.546s] INFO:colcon.colcon_core.shell:Creating prefix util module '/home/luckykoritela/ros_ws/install/_local_setup_util_ps1.py'
[7.549s] INFO:colcon.colcon_core.shell:Creating prefix chain script '/home/luckykoritela/ros_ws/install/setup.ps1'
[7.578s] INFO:colcon.colcon_core.shell:Creating prefix script '/home/luckykoritela/ros_ws/install/local_setup.sh'
[7.585s] INFO:colcon.colcon_core.shell:Creating prefix util module '/home/luckykoritela/ros_ws/install/_local_setup_util_sh.py'
[7.587s] INFO:colcon.colcon_core.shell:Creating prefix chain script '/home/luckykoritela/ros_ws/install/setup.sh'
[7.615s] INFO:colcon.colcon_core.shell:Creating prefix script '/home/luckykoritela/ros_ws/install/local_setup.bash'
[7.622s] INFO:colcon.colcon_core.shell:Creating prefix chain script '/home/luckykoritela/ros_ws/install/setup.bash'
[7.650s] INFO:colcon.colcon_core.shell:Creating prefix script '/home/luckykoritela/ros_ws/install/local_setup.zsh'
[7.651s] INFO:colcon.colcon_core.shell:Creating prefix chain script '/home/luckykoritela/ros_ws/install/setup.zsh'
