[1.070s] DEBUG:colcon:Command line arguments: ['/usr/bin/colcon', 'build', '--packages-select', 'cpp_pubsub']
[1.070s] DEBUG:colcon:Parsed command line arguments: Namespace(allow_overriding=[], ament_cmake_args=None, base_paths=['.'], build_base='build', catkin_cmake_args=None, catkin_skip_building_tests=False, cmake_args=None, cmake_clean_cache=False, cmake_clean_first=False, cmake_force_configure=False, cmake_target=None, cmake_target_skip_unavailable=False, continue_on_error=False, event_handlers=None, executor='parallel', ignore_user_meta=False, install_base='install', log_base=None, log_level=None, main=<bound method BuildVerb.main of <colcon_core.verb.build.BuildVerb object at 0x7ffa4f7306d0>>, merge_install=False, metas=['./colcon.meta'], packages_above=None, packages_above_and_dependencies=None, packages_above_depth=None, packages_end=None, packages_ignore=None, packages_ignore_regex=None, packages_select=['cpp_pubsub'], packages_select_build_failed=False, packages_select_by_dep=None, packages_select_regex=None, packages_select_test_failures=False, packages_skip=None, packages_skip_build_finished=False, packages_skip_by_dep=None, packages_skip_regex=None, packages_skip_test_passed=False, packages_skip_up_to=None, packages_start=None, packages_up_to=None, packages_up_to_regex=None, parallel_workers=4, paths=None, symlink_install=False, test_result_base=None, verb_extension=<colcon_core.verb.build.BuildVerb object at 0x7ffa4f7306d0>, verb_name='build', verb_parser=<colcon_defaults.argument_parser.defaults.DefaultArgumentsDecorator object at 0x7ffa4f730c10>)
[1.229s] Level 1:colcon.colcon_core.package_discovery:discover_packages(colcon_meta) check parameters
[1.229s] Level 1:colcon.colcon_core.package_discovery:discover_packages(recursive) check parameters
[1.229s] Level 1:colcon.colcon_core.package_discovery:discover_packages(ignore) check parameters
[1.229s] Level 1:colcon.colcon_core.package_discovery:discover_packages(path) check parameters
[1.229s] Level 1:colcon.colcon_core.package_discovery:discover_packages(colcon_meta) discover
[1.229s] Level 1:colcon.colcon_core.package_discovery:discover_packages(recursive) discover
[1.229s] INFO:colcon.colcon_core.package_discovery:Crawling recursively for packages in '/home/luckykoritela/ros_ws'
[1.230s] Level 1:colcon.colcon_core.package_identification:_identify(.) by extensions ['ignore', 'ignore_ament_install']
[1.230s] Level 1:colcon.colcon_core.package_identification:_identify(.) by extension 'ignore'
[1.230s] Level 1:colcon.colcon_core.package_identification:_identify(.) by extension 'ignore_ament_install'
[1.230s] Level 1:colcon.colcon_core.package_identification:_identify(.) by extensions ['colcon_pkg']
[1.230s] Level 1:colcon.colcon_core.package_identification:_identify(.) by extension 'colcon_pkg'
[1.230s] Level 1:colcon.colcon_core.package_identification:_identify(.) by extensions ['colcon_meta']
[1.230s] Level 1:colcon.colcon_core.package_identification:_identify(.) by extension 'colcon_meta'
[1.230s] Level 1:colcon.colcon_core.package_identification:_identify(.) by extensions ['ros']
[1.230s] Level 1:colcon.colcon_core.package_identification:_identify(.) by extension 'ros'
[1.272s] Level 1:colcon.colcon_core.package_identification:_identify(.) by extensions ['cmake', 'python']
[1.272s] Level 1:colcon.colcon_core.package_identification:_identify(.) by extension 'cmake'
[1.272s] Level 1:colcon.colcon_core.package_identification:_identify(.) by extension 'python'
[1.272s] Level 1:colcon.colcon_core.package_identification:_identify(.) by extensions ['python_setup_py']
[1.272s] Level 1:colcon.colcon_core.package_identification:_identify(.) by extension 'python_setup_py'
[1.273s] Level 1:colcon.colcon_core.package_identification:_identify(build) by extensions ['ignore', 'ignore_ament_install']
[1.273s] Level 1:colcon.colcon_core.package_identification:_identify(build) by extension 'ignore'
[1.273s] Level 1:colcon.colcon_core.package_identification:_identify(build) ignored
[1.274s] Level 1:colcon.colcon_core.package_identification:_identify(install) by extensions ['ignore', 'ignore_ament_install']
[1.274s] Level 1:colcon.colcon_core.package_identification:_identify(install) by extension 'ignore'
[1.274s] Level 1:colcon.colcon_core.package_identification:_identify(install) ignored
[1.274s] Level 1:colcon.colcon_core.package_identification:_identify(log) by extensions ['ignore', 'ignore_ament_install']
[1.274s] Level 1:colcon.colcon_core.package_identification:_identify(log) by extension 'ignore'
[1.274s] Level 1:colcon.colcon_core.package_identification:_identify(log) ignored
[1.274s] Level 1:colcon.colcon_core.package_identification:_identify(src) by extensions ['ignore', 'ignore_ament_install']
[1.275s] Level 1:colcon.colcon_core.package_identification:_identify(src) by extension 'ignore'
[1.275s] Level 1:colcon.colcon_core.package_identification:_identify(src) by extension 'ignore_ament_install'
[1.275s] Level 1:colcon.colcon_core.package_identification:_identify(src) by extensions ['colcon_pkg']
[1.275s] Level 1:colcon.colcon_core.package_identification:_identify(src) by extension 'colcon_pkg'
[1.275s] Level 1:colcon.colcon_core.package_identification:_identify(src) by extensions ['colcon_meta']
[1.275s] Level 1:colcon.colcon_core.package_identification:_identify(src) by extension 'colcon_meta'
[1.275s] Level 1:colcon.colcon_core.package_identification:_identify(src) by extensions ['ros']
[1.275s] Level 1:colcon.colcon_core.package_identification:_identify(src) by extension 'ros'
[1.275s] Level 1:colcon.colcon_core.package_identification:_identify(src) by extensions ['cmake', 'python']
[1.275s] Level 1:colcon.colcon_core.package_identification:_identify(src) by extension 'cmake'
[1.275s] Level 1:colcon.colcon_core.package_identification:_identify(src) by extension 'python'
[1.276s] Level 1:colcon.colcon_core.package_identification:_identify(src) by extensions ['python_setup_py']
[1.276s] Level 1:colcon.colcon_core.package_identification:_identify(src) by extension 'python_setup_py'
[1.276s] Level 1:colcon.colcon_core.package_identification:_identify(src/cpp_pubsub) by extensions ['ignore', 'ignore_ament_install']
[1.276s] Level 1:colcon.colcon_core.package_identification:_identify(src/cpp_pubsub) by extension 'ignore'
[1.276s] Level 1:colcon.colcon_core.package_identification:_identify(src/cpp_pubsub) by extension 'ignore_ament_install'
[1.276s] Level 1:colcon.colcon_core.package_identification:_identify(src/cpp_pubsub) by extensions ['colcon_pkg']
[1.276s] Level 1:colcon.colcon_core.package_identification:_identify(src/cpp_pubsub) by extension 'colcon_pkg'
[1.277s] Level 1:colcon.colcon_core.package_identification:_identify(src/cpp_pubsub) by extensions ['colcon_meta']
[1.277s] Level 1:colcon.colcon_core.package_identification:_identify(src/cpp_pubsub) by extension 'colcon_meta'
[1.277s] Level 1:colcon.colcon_core.package_identification:_identify(src/cpp_pubsub) by extensions ['ros']
[1.277s] Level 1:colcon.colcon_core.package_identification:_identify(src/cpp_pubsub) by extension 'ros'
[1.282s] DEBUG:colcon.colcon_core.package_identification:Package 'src/cpp_pubsub' with type 'ros.ament_cmake' and name 'cpp_pubsub'
[1.282s] Level 1:colcon.colcon_core.package_identification:_identify(src/cv_basics) by extensions ['ignore', 'ignore_ament_install']
[1.283s] Level 1:colcon.colcon_core.package_identification:_identify(src/cv_basics) by extension 'ignore'
[1.283s] Level 1:colcon.colcon_core.package_identification:_identify(src/cv_basics) by extension 'ignore_ament_install'
[1.283s] Level 1:colcon.colcon_core.package_identification:_identify(src/cv_basics) by extensions ['colcon_pkg']
[1.283s] Level 1:colcon.colcon_core.package_identification:_identify(src/cv_basics) by extension 'colcon_pkg'
[1.283s] Level 1:colcon.colcon_core.package_identification:_identify(src/cv_basics) by extensions ['colcon_meta']
[1.283s] Level 1:colcon.colcon_core.package_identification:_identify(src/cv_basics) by extension 'colcon_meta'
[1.283s] Level 1:colcon.colcon_core.package_identification:_identify(src/cv_basics) by extensions ['ros']
[1.283s] Level 1:colcon.colcon_core.package_identification:_identify(src/cv_basics) by extension 'ros'
[1.284s] DEBUG:colcon.colcon_core.package_identification:Package 'src/cv_basics' with type 'ros.ament_cmake' and name 'cv_basics'
[1.284s] Level 1:colcon.colcon_core.package_discovery:discover_packages(recursive) using defaults
[1.285s] Level 1:colcon.colcon_core.package_discovery:discover_packages(ignore) discover
[1.285s] Level 1:colcon.colcon_core.package_discovery:discover_packages(ignore) using defaults
[1.285s] Level 1:colcon.colcon_core.package_discovery:discover_packages(path) discover
[1.285s] Level 1:colcon.colcon_core.package_discovery:discover_packages(path) using defaults
[1.406s] INFO:colcon.colcon_core.package_selection:Skipping not selected package 'cv_basics' in 'src/cv_basics'
[1.409s] Level 1:colcon.colcon_core.package_discovery:discover_packages(prefix_path) check parameters
[1.409s] Level 1:colcon.colcon_core.package_discovery:discover_packages(prefix_path) discover
[1.574s] DEBUG:colcon.colcon_installed_package_information.package_discovery:Found 350 installed packages in /home/luckykoritela/ros2_rolling/install
[1.579s] Level 1:colcon.colcon_core.package_discovery:discover_packages(prefix_path) using defaults
[1.729s] Level 5:colcon.colcon_core.verb:set package 'cpp_pubsub' build argument 'cmake_args' from command line to 'None'
[1.729s] Level 5:colcon.colcon_core.verb:set package 'cpp_pubsub' build argument 'cmake_target' from command line to 'None'
[1.729s] Level 5:colcon.colcon_core.verb:set package 'cpp_pubsub' build argument 'cmake_target_skip_unavailable' from command line to 'False'
[1.729s] Level 5:colcon.colcon_core.verb:set package 'cpp_pubsub' build argument 'cmake_clean_cache' from command line to 'False'
[1.729s] Level 5:colcon.colcon_core.verb:set package 'cpp_pubsub' build argument 'cmake_clean_first' from command line to 'False'
[1.729s] Level 5:colcon.colcon_core.verb:set package 'cpp_pubsub' build argument 'cmake_force_configure' from command line to 'False'
[1.729s] Level 5:colcon.colcon_core.verb:set package 'cpp_pubsub' build argument 'ament_cmake_args' from command line to 'None'
[1.729s] Level 5:colcon.colcon_core.verb:set package 'cpp_pubsub' build argument 'catkin_cmake_args' from command line to 'None'
[1.729s] Level 5:colcon.colcon_core.verb:set package 'cpp_pubsub' build argument 'catkin_skip_building_tests' from command line to 'False'
[1.730s] DEBUG:colcon.colcon_core.verb:Building package 'cpp_pubsub' with the following arguments: {'ament_cmake_args': None, 'build_base': '/home/luckykoritela/ros_ws/build/cpp_pubsub', 'catkin_cmake_args': None, 'catkin_skip_building_tests': False, 'cmake_args': None, 'cmake_clean_cache': False, 'cmake_clean_first': False, 'cmake_force_configure': False, 'cmake_target': None, 'cmake_target_skip_unavailable': False, 'install_base': '/home/luckykoritela/ros_ws/install/cpp_pubsub', 'merge_install': False, 'path': '/home/luckykoritela/ros_ws/src/cpp_pubsub', 'symlink_install': False, 'test_result_base': None}
[1.733s] INFO:colcon.colcon_core.executor:Executing jobs using 'parallel' executor
[1.750s] DEBUG:colcon.colcon_parallel_executor.executor.parallel:run_until_complete
[1.751s] INFO:colcon.colcon_ros.task.ament_cmake.build:Building ROS package in '/home/luckykoritela/ros_ws/src/cpp_pubsub' with build type 'ament_cmake'
[1.751s] INFO:colcon.colcon_cmake.task.cmake.build:Building CMake package in '/home/luckykoritela/ros_ws/src/cpp_pubsub'
[1.778s] INFO:colcon.colcon_core.plugin_system:Skipping extension 'colcon_core.shell.bat': Not used on non-Windows systems
[1.778s] INFO:colcon.colcon_core.shell:Skip shell extension 'powershell' for command environment: Not usable outside of PowerShell
[1.778s] DEBUG:colcon.colcon_core.shell:Skip shell extension 'dsv' for command environment
[1.877s] DEBUG:colcon.colcon_core.event_handler.log_command:Invoking command in '/home/luckykoritela/ros_ws/build/cpp_pubsub': CMAKE_PREFIX_PATH=${CMAKE_PREFIX_PATH}:/home/luckykoritela/ros2_rolling/install/rqt_bag_plugins:/home/luckykoritela/ros2_rolling/install/rqt_bag:/home/luckykoritela/ros2_rolling/install/ros2bag:/home/luckykoritela/ros2_rolling/install/tracetools_test:/home/luckykoritela/ros2_rolling/install/tracetools_launch:/home/luckykoritela/ros2_rolling/install/topic_monitor:/home/luckykoritela/ros2_rolling/install/tf2_tools:/home/luckykoritela/ros2_rolling/install/examples_tf2_py:/home/luckykoritela/ros2_rolling/install/tf2_ros_py:/home/luckykoritela/ros2_rolling/install/examples_rclpy_pointcloud_publisher:/home/luckykoritela/ros2_rolling/install/sensor_msgs_py:/home/luckykoritela/ros2_rolling/install/opencv_tests:/home/luckykoritela/ros2_rolling/install/rqt_plot:/home/luckykoritela/ros2_rolling/install/quality_of_service_demo_py:/home/luckykoritela/ros2_rolling/install/lifecycle_py:/home/luckykoritela/ros2_rolling/install/examples_rclpy_minimal_subscriber:/home/luckykoritela/ros2_rolling/install/examples_rclpy_minimal_service:/home/luckykoritela/ros2_rolling/install/examples_rclpy_minimal_publisher:/home/luckykoritela/ros2_rolling/install/examples_rclpy_minimal_client:/home/luckykoritela/ros2_rolling/install/examples_rclpy_executors:/home/luckykoritela/ros2_rolling/install/demo_nodes_py:/home/luckykoritela/ros2_rolling/install/rqt:/home/luckykoritela/ros2_rolling/install/ros2component:/home/luckykoritela/ros2_rolling/install/sros2:/home/luckykoritela/ros2_rolling/install/rqt_topic:/home/luckykoritela/ros2_rolling/install/rqt_srv:/home/luckykoritela/ros2_rolling/install/rqt_shell:/home/luckykoritela/ros2_rolling/install/rqt_service_caller:/home/luckykoritela/ros2_rolling/install/rqt_reconfigure:/home/luckykoritela/ros2_rolling/install/rqt_py_console:/home/luckykoritela/ros2_rolling/install/rqt_publisher:/home/luckykoritela/ros2_rolling/install/rqt_action:/home/luckykoritela/ros2_rolling/install/rqt_msg:/home/luckykoritela/ros2_rolling/install/rqt_console:/home/luckykoritela/ros2_rolling/install/rqt_graph:/home/luckykoritela/ros2_rolling/install/rqt_gui_py:/home/luckykoritela/ros2_rolling/install/rqt_gui:/home/luckykoritela/ros2_rolling/install/ros2trace:/home/luckykoritela/ros2_rolling/install/ros2topic:/home/luckykoritela/ros2_rolling/install/ros2test:/home/luckykoritela/ros2_rolling/install/ros2param:/home/luckykoritela/ros2_rolling/install/ros2lifecycle:/home/luckykoritela/ros2_rolling/install/ros2service:/home/luckykoritela/ros2_rolling/install/ros2run:/home/luckykoritela/ros2_rolling/install/ros2launch:/home/luckykoritela/ros2_rolling/install/ros2pkg:/home/luckykoritela/ros2_rolling/install/ros2node:/home/luckykoritela/ros2_rolling/install/ros2multicast:/home/luckykoritela/ros2_rolling/install/ros2interface:/home/luckykoritela/ros2_rolling/install/ros2doctor:/home/luckykoritela/ros2_rolling/install/ros2action:/home/luckykoritela/ros2_rolling/install/ros2cli:/home/luckykoritela/ros2_rolling/install/launch_testing_ros:/home/luckykoritela/ros2_rolling/install/launch_ros:/home/luckykoritela/ros2_rolling/install/examples_rclpy_minimal_action_server:/home/luckykoritela/ros2_rolling/install/examples_rclpy_minimal_action_client:/home/luckykoritela/ros2_rolling/install/examples_rclpy_guard_conditions:/home/luckykoritela/ros2_rolling/install/action_tutorials_py:/home/luckykoritela/ros2_rolling/install/ament_uncrustify:/home/luckykoritela/ros2_rolling/install/tracetools_trace:/home/luckykoritela/ros2_rolling/install/tracetools_read:/home/luckykoritela/ros2_rolling/install/test_tracetools_launch:/home/luckykoritela/ros2_rolling/install/test_launch_ros:/home/luckykoritela/ros2_rolling/install/rpyutils:/home/luckykoritela/ros2_rolling/install/rosidl_runtime_py:/home/luckykoritela/ros2_rolling/install/rosidl_pycommon:/home/luckykoritela/ros2_rolling/install/rosidl_cli:/home/luckykoritela/ros2_rolling/install/launch_pytest:/home/luckykoritela/ros2_rolling/install/launch_testing:/home/luckykoritela/ros2_rolling/install/launch_yaml:/home/luckykoritela/ros2_rolling/install/launch_xml:/home/luckykoritela/ros2_rolling/install/launch:/home/luckykoritela/ros2_rolling/install/osrf_pycommon:/home/luckykoritela/ros2_rolling/install/launch_testing_examples:/home/luckykoritela/ros2_rolling/install/domain_coordinator:/home/luckykoritela/ros2_rolling/install/ament_xmllint:/home/luckykoritela/ros2_rolling/install/ament_pyflakes:/home/luckykoritela/ros2_rolling/install/ament_pycodestyle:/home/luckykoritela/ros2_rolling/install/ament_pep257:/home/luckykoritela/ros2_rolling/install/ament_pclint:/home/luckykoritela/ros2_rolling/install/ament_package:/home/luckykoritela/ros2_rolling/install/ament_mypy:/home/luckykoritela/ros2_rolling/install/ament_lint_cmake:/home/luckykoritela/ros2_rolling/install/ament_flake8:/home/luckykoritela/ros2_rolling/install/ament_copyright:/home/luckykoritela/ros2_rolling/install/ament_lint:/home/luckykoritela/ros2_rolling/install/ament_index_python:/home/luckykoritela/ros2_rolling/install/ament_cpplint:/home/luckykoritela/ros2_rolling/install/ament_cppcheck:/home/luckykoritela/ros2_rolling/install/ament_clang_tidy:/home/luckykoritela/ros2_rolling/install/ament_clang_format /usr/bin/cmake /home/luckykoritela/ros_ws/src/cpp_pubsub -DCMAKE_INSTALL_PREFIX=/home/luckykoritela/ros_ws/install/cpp_pubsub
[18.990s] DEBUG:colcon.colcon_core.event_handler.log_command:Invoked command in '/home/luckykoritela/ros_ws/build/cpp_pubsub' returned '1': CMAKE_PREFIX_PATH=${CMAKE_PREFIX_PATH}:/home/luckykoritela/ros2_rolling/install/rqt_bag_plugins:/home/luckykoritela/ros2_rolling/install/rqt_bag:/home/luckykoritela/ros2_rolling/install/ros2bag:/home/luckykoritela/ros2_rolling/install/tracetools_test:/home/luckykoritela/ros2_rolling/install/tracetools_launch:/home/luckykoritela/ros2_rolling/install/topic_monitor:/home/luckykoritela/ros2_rolling/install/tf2_tools:/home/luckykoritela/ros2_rolling/install/examples_tf2_py:/home/luckykoritela/ros2_rolling/install/tf2_ros_py:/home/luckykoritela/ros2_rolling/install/examples_rclpy_pointcloud_publisher:/home/luckykoritela/ros2_rolling/install/sensor_msgs_py:/home/luckykoritela/ros2_rolling/install/opencv_tests:/home/luckykoritela/ros2_rolling/install/rqt_plot:/home/luckykoritela/ros2_rolling/install/quality_of_service_demo_py:/home/luckykoritela/ros2_rolling/install/lifecycle_py:/home/luckykoritela/ros2_rolling/install/examples_rclpy_minimal_subscriber:/home/luckykoritela/ros2_rolling/install/examples_rclpy_minimal_service:/home/luckykoritela/ros2_rolling/install/examples_rclpy_minimal_publisher:/home/luckykoritela/ros2_rolling/install/examples_rclpy_minimal_client:/home/luckykoritela/ros2_rolling/install/examples_rclpy_executors:/home/luckykoritela/ros2_rolling/install/demo_nodes_py:/home/luckykoritela/ros2_rolling/install/rqt:/home/luckykoritela/ros2_rolling/install/ros2component:/home/luckykoritela/ros2_rolling/install/sros2:/home/luckykoritela/ros2_rolling/install/rqt_topic:/home/luckykoritela/ros2_rolling/install/rqt_srv:/home/luckykoritela/ros2_rolling/install/rqt_shell:/home/luckykoritela/ros2_rolling/install/rqt_service_caller:/home/luckykoritela/ros2_rolling/install/rqt_reconfigure:/home/luckykoritela/ros2_rolling/install/rqt_py_console:/home/luckykoritela/ros2_rolling/install/rqt_publisher:/home/luckykoritela/ros2_rolling/install/rqt_action:/home/luckykoritela/ros2_rolling/install/rqt_msg:/home/luckykoritela/ros2_rolling/install/rqt_console:/home/luckykoritela/ros2_rolling/install/rqt_graph:/home/luckykoritela/ros2_rolling/install/rqt_gui_py:/home/luckykoritela/ros2_rolling/install/rqt_gui:/home/luckykoritela/ros2_rolling/install/ros2trace:/home/luckykoritela/ros2_rolling/install/ros2topic:/home/luckykoritela/ros2_rolling/install/ros2test:/home/luckykoritela/ros2_rolling/install/ros2param:/home/luckykoritela/ros2_rolling/install/ros2lifecycle:/home/luckykoritela/ros2_rolling/install/ros2service:/home/luckykoritela/ros2_rolling/install/ros2run:/home/luckykoritela/ros2_rolling/install/ros2launch:/home/luckykoritela/ros2_rolling/install/ros2pkg:/home/luckykoritela/ros2_rolling/install/ros2node:/home/luckykoritela/ros2_rolling/install/ros2multicast:/home/luckykoritela/ros2_rolling/install/ros2interface:/home/luckykoritela/ros2_rolling/install/ros2doctor:/home/luckykoritela/ros2_rolling/install/ros2action:/home/luckykoritela/ros2_rolling/install/ros2cli:/home/luckykoritela/ros2_rolling/install/launch_testing_ros:/home/luckykoritela/ros2_rolling/install/launch_ros:/home/luckykoritela/ros2_rolling/install/examples_rclpy_minimal_action_server:/home/luckykoritela/ros2_rolling/install/examples_rclpy_minimal_action_client:/home/luckykoritela/ros2_rolling/install/examples_rclpy_guard_conditions:/home/luckykoritela/ros2_rolling/install/action_tutorials_py:/home/luckykoritela/ros2_rolling/install/ament_uncrustify:/home/luckykoritela/ros2_rolling/install/tracetools_trace:/home/luckykoritela/ros2_rolling/install/tracetools_read:/home/luckykoritela/ros2_rolling/install/test_tracetools_launch:/home/luckykoritela/ros2_rolling/install/test_launch_ros:/home/luckykoritela/ros2_rolling/install/rpyutils:/home/luckykoritela/ros2_rolling/install/rosidl_runtime_py:/home/luckykoritela/ros2_rolling/install/rosidl_pycommon:/home/luckykoritela/ros2_rolling/install/rosidl_cli:/home/luckykoritela/ros2_rolling/install/launch_pytest:/home/luckykoritela/ros2_rolling/install/launch_testing:/home/luckykoritela/ros2_rolling/install/launch_yaml:/home/luckykoritela/ros2_rolling/install/launch_xml:/home/luckykoritela/ros2_rolling/install/launch:/home/luckykoritela/ros2_rolling/install/osrf_pycommon:/home/luckykoritela/ros2_rolling/install/launch_testing_examples:/home/luckykoritela/ros2_rolling/install/domain_coordinator:/home/luckykoritela/ros2_rolling/install/ament_xmllint:/home/luckykoritela/ros2_rolling/install/ament_pyflakes:/home/luckykoritela/ros2_rolling/install/ament_pycodestyle:/home/luckykoritela/ros2_rolling/install/ament_pep257:/home/luckykoritela/ros2_rolling/install/ament_pclint:/home/luckykoritela/ros2_rolling/install/ament_package:/home/luckykoritela/ros2_rolling/install/ament_mypy:/home/luckykoritela/ros2_rolling/install/ament_lint_cmake:/home/luckykoritela/ros2_rolling/install/ament_flake8:/home/luckykoritela/ros2_rolling/install/ament_copyright:/home/luckykoritela/ros2_rolling/install/ament_lint:/home/luckykoritela/ros2_rolling/install/ament_index_python:/home/luckykoritela/ros2_rolling/install/ament_cpplint:/home/luckykoritela/ros2_rolling/install/ament_cppcheck:/home/luckykoritela/ros2_rolling/install/ament_clang_tidy:/home/luckykoritela/ros2_rolling/install/ament_clang_format /usr/bin/cmake /home/luckykoritela/ros_ws/src/cpp_pubsub -DCMAKE_INSTALL_PREFIX=/home/luckykoritela/ros_ws/install/cpp_pubsub
[19.047s] Level 1:colcon.colcon_core.environment:create_environment_scripts_only(cpp_pubsub)
[19.073s] Level 1:colcon.colcon_core.environment:checking '/home/luckykoritela/ros_ws/install/cpp_pubsub' for CMake module files
[19.074s] Level 1:colcon.colcon_core.environment:checking '/home/luckykoritela/ros_ws/install/cpp_pubsub' for CMake config files
[19.074s] Level 1:colcon.colcon_core.environment:checking '/home/luckykoritela/ros_ws/install/cpp_pubsub/bin'
[19.075s] Level 1:colcon.colcon_core.environment:checking '/home/luckykoritela/ros_ws/install/cpp_pubsub/lib/pkgconfig/cpp_pubsub.pc'
[19.082s] Level 1:colcon.colcon_core.environment:checking '/home/luckykoritela/ros_ws/install/cpp_pubsub/lib/python3.8/site-packages'
[19.082s] Level 1:colcon.colcon_core.environment:checking '/home/luckykoritela/ros_ws/install/cpp_pubsub/bin'
[19.087s] INFO:colcon.colcon_core.shell:Creating package script '/home/luckykoritela/ros_ws/install/cpp_pubsub/share/cpp_pubsub/package.ps1'
[19.089s] INFO:colcon.colcon_core.shell:Creating package descriptor '/home/luckykoritela/ros_ws/install/cpp_pubsub/share/cpp_pubsub/package.dsv'
[19.090s] INFO:colcon.colcon_core.shell:Creating package script '/home/luckykoritela/ros_ws/install/cpp_pubsub/share/cpp_pubsub/package.sh'
[19.091s] INFO:colcon.colcon_core.shell:Creating package script '/home/luckykoritela/ros_ws/install/cpp_pubsub/share/cpp_pubsub/package.bash'
[19.093s] INFO:colcon.colcon_core.shell:Creating package script '/home/luckykoritela/ros_ws/install/cpp_pubsub/share/cpp_pubsub/package.zsh'
[19.095s] Level 1:colcon.colcon_core.environment:create_file_with_runtime_dependencies(/home/luckykoritela/ros_ws/install/cpp_pubsub/share/colcon-core/packages/cpp_pubsub)
[19.107s] DEBUG:colcon.colcon_parallel_executor.executor.parallel:closing loop
[19.107s] DEBUG:colcon.colcon_parallel_executor.executor.parallel:loop closed
[19.108s] DEBUG:colcon.colcon_parallel_executor.executor.parallel:run_until_complete finished with '1'
[19.108s] DEBUG:colcon.colcon_core.event_reactor:joining thread
[19.159s] INFO:colcon.colcon_core.plugin_system:Skipping extension 'colcon_notification.desktop_notification.terminal_notifier': Not used on non-Darwin systems
[19.159s] INFO:colcon.colcon_core.plugin_system:Skipping extension 'colcon_notification.desktop_notification.win32': Not used on non-Windows systems
[19.159s] INFO:colcon.colcon_notification.desktop_notification:Sending desktop notification using 'notify2'
[19.377s] DEBUG:colcon.colcon_core.event_reactor:joined thread
[19.386s] INFO:colcon.colcon_core.shell:Creating prefix script '/home/luckykoritela/ros_ws/install/local_setup.ps1'
[19.391s] INFO:colcon.colcon_core.shell:Creating prefix util module '/home/luckykoritela/ros_ws/install/_local_setup_util_ps1.py'
[19.412s] INFO:colcon.colcon_core.shell:Creating prefix chain script '/home/luckykoritela/ros_ws/install/setup.ps1'
[19.442s] INFO:colcon.colcon_core.shell:Creating prefix script '/home/luckykoritela/ros_ws/install/local_setup.sh'
[19.444s] INFO:colcon.colcon_core.shell:Creating prefix util module '/home/luckykoritela/ros_ws/install/_local_setup_util_sh.py'
[19.447s] INFO:colcon.colcon_core.shell:Creating prefix chain script '/home/luckykoritela/ros_ws/install/setup.sh'
[19.481s] INFO:colcon.colcon_core.shell:Creating prefix script '/home/luckykoritela/ros_ws/install/local_setup.bash'
[19.483s] INFO:colcon.colcon_core.shell:Creating prefix chain script '/home/luckykoritela/ros_ws/install/setup.bash'
[19.514s] INFO:colcon.colcon_core.shell:Creating prefix script '/home/luckykoritela/ros_ws/install/local_setup.zsh'
[19.516s] INFO:colcon.colcon_core.shell:Creating prefix chain script '/home/luckykoritela/ros_ws/install/setup.zsh'
