[0.585s] DEBUG:colcon:Command line arguments: ['/usr/bin/colcon', 'build', '--packages-select', 'cv_basics']
[0.585s] DEBUG:colcon:Parsed command line arguments: Namespace(allow_overriding=[], ament_cmake_args=None, base_paths=['.'], build_base='build', catkin_cmake_args=None, catkin_skip_building_tests=False, cmake_args=None, cmake_clean_cache=False, cmake_clean_first=False, cmake_force_configure=False, cmake_target=None, cmake_target_skip_unavailable=False, continue_on_error=False, event_handlers=None, executor='parallel', ignore_user_meta=False, install_base='install', log_base=None, log_level=None, main=<bound method BuildVerb.main of <colcon_core.verb.build.BuildVerb object at 0x7f42d52a4910>>, merge_install=False, metas=['./colcon.meta'], packages_above=None, packages_above_and_dependencies=None, packages_above_depth=None, packages_end=None, packages_ignore=None, packages_ignore_regex=None, packages_select=['cv_basics'], packages_select_build_failed=False, packages_select_by_dep=None, packages_select_regex=None, packages_select_test_failures=False, packages_skip=None, packages_skip_build_finished=False, packages_skip_by_dep=None, packages_skip_regex=None, packages_skip_test_passed=False, packages_skip_up_to=None, packages_start=None, packages_up_to=None, packages_up_to_regex=None, parallel_workers=4, paths=None, symlink_install=False, test_result_base=None, verb_extension=<colcon_core.verb.build.BuildVerb object at 0x7f42d52a4910>, verb_name='build', verb_parser=<colcon_defaults.argument_parser.defaults.DefaultArgumentsDecorator object at 0x7f42d52a4e80>)
[0.689s] Level 1:colcon.colcon_core.package_discovery:discover_packages(colcon_meta) check parameters
[0.690s] Level 1:colcon.colcon_core.package_discovery:discover_packages(recursive) check parameters
[0.690s] Level 1:colcon.colcon_core.package_discovery:discover_packages(ignore) check parameters
[0.690s] Level 1:colcon.colcon_core.package_discovery:discover_packages(path) check parameters
[0.690s] Level 1:colcon.colcon_core.package_discovery:discover_packages(colcon_meta) discover
[0.690s] Level 1:colcon.colcon_core.package_discovery:discover_packages(recursive) discover
[0.690s] INFO:colcon.colcon_core.package_discovery:Crawling recursively for packages in '/home/luckykoritela/ros_ws'
[0.691s] Level 1:colcon.colcon_core.package_identification:_identify(.) by extensions ['ignore', 'ignore_ament_install']
[0.691s] Level 1:colcon.colcon_core.package_identification:_identify(.) by extension 'ignore'
[0.691s] Level 1:colcon.colcon_core.package_identification:_identify(.) by extension 'ignore_ament_install'
[0.691s] Level 1:colcon.colcon_core.package_identification:_identify(.) by extensions ['colcon_pkg']
[0.691s] Level 1:colcon.colcon_core.package_identification:_identify(.) by extension 'colcon_pkg'
[0.691s] Level 1:colcon.colcon_core.package_identification:_identify(.) by extensions ['colcon_meta']
[0.691s] Level 1:colcon.colcon_core.package_identification:_identify(.) by extension 'colcon_meta'
[0.691s] Level 1:colcon.colcon_core.package_identification:_identify(.) by extensions ['ros']
[0.691s] Level 1:colcon.colcon_core.package_identification:_identify(.) by extension 'ros'
[0.735s] Level 1:colcon.colcon_core.package_identification:_identify(.) by extensions ['cmake', 'python']
[0.735s] Level 1:colcon.colcon_core.package_identification:_identify(.) by extension 'cmake'
[0.735s] Level 1:colcon.colcon_core.package_identification:_identify(.) by extension 'python'
[0.735s] Level 1:colcon.colcon_core.package_identification:_identify(.) by extensions ['python_setup_py']
[0.735s] Level 1:colcon.colcon_core.package_identification:_identify(.) by extension 'python_setup_py'
[0.735s] Level 1:colcon.colcon_core.package_identification:_identify(build) by extensions ['ignore', 'ignore_ament_install']
[0.735s] Level 1:colcon.colcon_core.package_identification:_identify(build) by extension 'ignore'
[0.735s] Level 1:colcon.colcon_core.package_identification:_identify(build) ignored
[0.736s] Level 1:colcon.colcon_core.package_identification:_identify(install) by extensions ['ignore', 'ignore_ament_install']
[0.736s] Level 1:colcon.colcon_core.package_identification:_identify(install) by extension 'ignore'
[0.736s] Level 1:colcon.colcon_core.package_identification:_identify(install) ignored
[0.736s] Level 1:colcon.colcon_core.package_identification:_identify(log) by extensions ['ignore', 'ignore_ament_install']
[0.736s] Level 1:colcon.colcon_core.package_identification:_identify(log) by extension 'ignore'
[0.736s] Level 1:colcon.colcon_core.package_identification:_identify(log) ignored
[0.737s] Level 1:colcon.colcon_core.package_identification:_identify(src) by extensions ['ignore', 'ignore_ament_install']
[0.737s] Level 1:colcon.colcon_core.package_identification:_identify(src) by extension 'ignore'
[0.737s] Level 1:colcon.colcon_core.package_identification:_identify(src) by extension 'ignore_ament_install'
[0.737s] Level 1:colcon.colcon_core.package_identification:_identify(src) by extensions ['colcon_pkg']
[0.737s] Level 1:colcon.colcon_core.package_identification:_identify(src) by extension 'colcon_pkg'
[0.737s] Level 1:colcon.colcon_core.package_identification:_identify(src) by extensions ['colcon_meta']
[0.737s] Level 1:colcon.colcon_core.package_identification:_identify(src) by extension 'colcon_meta'
[0.737s] Level 1:colcon.colcon_core.package_identification:_identify(src) by extensions ['ros']
[0.737s] Level 1:colcon.colcon_core.package_identification:_identify(src) by extension 'ros'
[0.737s] Level 1:colcon.colcon_core.package_identification:_identify(src) by extensions ['cmake', 'python']
[0.738s] Level 1:colcon.colcon_core.package_identification:_identify(src) by extension 'cmake'
[0.738s] Level 1:colcon.colcon_core.package_identification:_identify(src) by extension 'python'
[0.738s] Level 1:colcon.colcon_core.package_identification:_identify(src) by extensions ['python_setup_py']
[0.738s] Level 1:colcon.colcon_core.package_identification:_identify(src) by extension 'python_setup_py'
[0.738s] Level 1:colcon.colcon_core.package_identification:_identify(src/cv_basics) by extensions ['ignore', 'ignore_ament_install']
[0.739s] Level 1:colcon.colcon_core.package_identification:_identify(src/cv_basics) by extension 'ignore'
[0.739s] Level 1:colcon.colcon_core.package_identification:_identify(src/cv_basics) by extension 'ignore_ament_install'
[0.739s] Level 1:colcon.colcon_core.package_identification:_identify(src/cv_basics) by extensions ['colcon_pkg']
[0.739s] Level 1:colcon.colcon_core.package_identification:_identify(src/cv_basics) by extension 'colcon_pkg'
[0.739s] Level 1:colcon.colcon_core.package_identification:_identify(src/cv_basics) by extensions ['colcon_meta']
[0.739s] Level 1:colcon.colcon_core.package_identification:_identify(src/cv_basics) by extension 'colcon_meta'
[0.739s] Level 1:colcon.colcon_core.package_identification:_identify(src/cv_basics) by extensions ['ros']
[0.739s] Level 1:colcon.colcon_core.package_identification:_identify(src/cv_basics) by extension 'ros'
[0.744s] DEBUG:colcon.colcon_core.package_identification:Package 'src/cv_basics' with type 'ros.ament_python' and name 'cv_basics'
[0.744s] Level 1:colcon.colcon_core.package_discovery:discover_packages(recursive) using defaults
[0.744s] Level 1:colcon.colcon_core.package_discovery:discover_packages(ignore) discover
[0.744s] Level 1:colcon.colcon_core.package_discovery:discover_packages(ignore) using defaults
[0.744s] Level 1:colcon.colcon_core.package_discovery:discover_packages(path) discover
[0.744s] Level 1:colcon.colcon_core.package_discovery:discover_packages(path) using defaults
[0.841s] Level 1:colcon.colcon_core.package_discovery:discover_packages(prefix_path) check parameters
[0.841s] Level 1:colcon.colcon_core.package_discovery:discover_packages(prefix_path) discover
[0.874s] DEBUG:colcon.colcon_installed_package_information.package_discovery:Found 2 installed packages in /home/luckykoritela/ros_ws/install
[0.896s] DEBUG:colcon.colcon_installed_package_information.package_discovery:Found 350 installed packages in /home/luckykoritela/ros2_rolling/install
[0.902s] Level 1:colcon.colcon_core.package_discovery:discover_packages(prefix_path) using defaults
[0.963s] Level 5:colcon.colcon_core.verb:set package 'cv_basics' build argument 'cmake_args' from command line to 'None'
[0.963s] Level 5:colcon.colcon_core.verb:set package 'cv_basics' build argument 'cmake_target' from command line to 'None'
[0.963s] Level 5:colcon.colcon_core.verb:set package 'cv_basics' build argument 'cmake_target_skip_unavailable' from command line to 'False'
[0.963s] Level 5:colcon.colcon_core.verb:set package 'cv_basics' build argument 'cmake_clean_cache' from command line to 'False'
[0.963s] Level 5:colcon.colcon_core.verb:set package 'cv_basics' build argument 'cmake_clean_first' from command line to 'False'
[0.963s] Level 5:colcon.colcon_core.verb:set package 'cv_basics' build argument 'cmake_force_configure' from command line to 'False'
[0.963s] Level 5:colcon.colcon_core.verb:set package 'cv_basics' build argument 'ament_cmake_args' from command line to 'None'
[0.963s] Level 5:colcon.colcon_core.verb:set package 'cv_basics' build argument 'catkin_cmake_args' from command line to 'None'
[0.963s] Level 5:colcon.colcon_core.verb:set package 'cv_basics' build argument 'catkin_skip_building_tests' from command line to 'False'
[0.963s] DEBUG:colcon.colcon_core.verb:Building package 'cv_basics' with the following arguments: {'ament_cmake_args': None, 'build_base': '/home/luckykoritela/ros_ws/build/cv_basics', 'catkin_cmake_args': None, 'catkin_skip_building_tests': False, 'cmake_args': None, 'cmake_clean_cache': False, 'cmake_clean_first': False, 'cmake_force_configure': False, 'cmake_target': None, 'cmake_target_skip_unavailable': False, 'install_base': '/home/luckykoritela/ros_ws/install/cv_basics', 'merge_install': False, 'path': '/home/luckykoritela/ros_ws/src/cv_basics', 'symlink_install': False, 'test_result_base': None}
[0.966s] INFO:colcon.colcon_core.executor:Executing jobs using 'parallel' executor
[0.984s] DEBUG:colcon.colcon_parallel_executor.executor.parallel:run_until_complete
[0.984s] INFO:colcon.colcon_ros.task.ament_python.build:Building ROS package in '/home/luckykoritela/ros_ws/src/cv_basics' with build type 'ament_python'
[0.985s] Level 1:colcon.colcon_core.shell:create_environment_hook('cv_basics', 'ament_prefix_path')
[1.006s] INFO:colcon.colcon_core.plugin_system:Skipping extension 'colcon_core.shell.bat': Not used on non-Windows systems
[1.006s] INFO:colcon.colcon_core.shell:Creating environment hook '/home/luckykoritela/ros_ws/install/cv_basics/share/cv_basics/hook/ament_prefix_path.ps1'
[1.008s] INFO:colcon.colcon_core.shell:Creating environment descriptor '/home/luckykoritela/ros_ws/install/cv_basics/share/cv_basics/hook/ament_prefix_path.dsv'
[1.010s] INFO:colcon.colcon_core.shell:Creating environment hook '/home/luckykoritela/ros_ws/install/cv_basics/share/cv_basics/hook/ament_prefix_path.sh'
[1.018s] INFO:colcon.colcon_core.shell:Skip shell extension 'powershell' for command environment: Not usable outside of PowerShell
[1.018s] DEBUG:colcon.colcon_core.shell:Skip shell extension 'dsv' for command environment
[2.803s] INFO:colcon.colcon_core.task.python.build:Building Python package in '/home/luckykoritela/ros_ws/src/cv_basics'
[2.809s] INFO:colcon.colcon_core.shell:Skip shell extension 'powershell' for command environment: Not usable outside of PowerShell
[2.809s] DEBUG:colcon.colcon_core.shell:Skip shell extension 'dsv' for command environment
[5.103s] DEBUG:colcon.colcon_core.event_handler.log_command:Invoking command in '/home/luckykoritela/ros_ws/src/cv_basics': PYTHONPATH=/home/luckykoritela/ros_ws/install/cv_basics/lib/python3.8/site-packages:${PYTHONPATH} /usr/bin/python3 setup.py egg_info --egg-base ../../build/cv_basics build --build-base /home/luckykoritela/ros_ws/build/cv_basics/build install --prefix /home/luckykoritela/ros_ws/install/cv_basics --record /home/luckykoritela/ros_ws/build/cv_basics/install.log --single-version-externally-managed
[7.076s] DEBUG:colcon.colcon_core.event_handler.log_command:Invoked command in '/home/luckykoritela/ros_ws/src/cv_basics' returned '0': PYTHONPATH=/home/luckykoritela/ros_ws/install/cv_basics/lib/python3.8/site-packages:${PYTHONPATH} /usr/bin/python3 setup.py egg_info --egg-base ../../build/cv_basics build --build-base /home/luckykoritela/ros_ws/build/cv_basics/build install --prefix /home/luckykoritela/ros_ws/install/cv_basics --record /home/luckykoritela/ros_ws/build/cv_basics/install.log --single-version-externally-managed
[7.102s] Level 1:colcon.colcon_core.environment:checking '/home/luckykoritela/ros_ws/install/cv_basics' for CMake module files
[7.103s] Level 1:colcon.colcon_core.environment:checking '/home/luckykoritela/ros_ws/install/cv_basics' for CMake config files
[7.103s] Level 1:colcon.colcon_core.shell:create_environment_hook('cv_basics', 'cmake_prefix_path')
[7.109s] INFO:colcon.colcon_core.shell:Creating environment hook '/home/luckykoritela/ros_ws/install/cv_basics/share/cv_basics/hook/cmake_prefix_path.ps1'
[7.111s] INFO:colcon.colcon_core.shell:Creating environment descriptor '/home/luckykoritela/ros_ws/install/cv_basics/share/cv_basics/hook/cmake_prefix_path.dsv'
[7.112s] INFO:colcon.colcon_core.shell:Creating environment hook '/home/luckykoritela/ros_ws/install/cv_basics/share/cv_basics/hook/cmake_prefix_path.sh'
[7.115s] Level 1:colcon.colcon_core.environment:checking '/home/luckykoritela/ros_ws/install/cv_basics/lib'
[7.115s] Level 1:colcon.colcon_core.environment:checking '/home/luckykoritela/ros_ws/install/cv_basics/bin'
[7.115s] Level 1:colcon.colcon_core.environment:checking '/home/luckykoritela/ros_ws/install/cv_basics/lib/pkgconfig/cv_basics.pc'
[7.115s] Level 1:colcon.colcon_core.environment:checking '/home/luckykoritela/ros_ws/install/cv_basics/lib/python3.8/site-packages'
[7.116s] Level 1:colcon.colcon_core.shell:create_environment_hook('cv_basics', 'pythonpath')
[7.121s] INFO:colcon.colcon_core.shell:Creating environment hook '/home/luckykoritela/ros_ws/install/cv_basics/share/cv_basics/hook/pythonpath.ps1'
[7.123s] INFO:colcon.colcon_core.shell:Creating environment descriptor '/home/luckykoritela/ros_ws/install/cv_basics/share/cv_basics/hook/pythonpath.dsv'
[7.124s] INFO:colcon.colcon_core.shell:Creating environment hook '/home/luckykoritela/ros_ws/install/cv_basics/share/cv_basics/hook/pythonpath.sh'
[7.126s] Level 1:colcon.colcon_core.environment:checking '/home/luckykoritela/ros_ws/install/cv_basics/bin'
[7.127s] Level 1:colcon.colcon_core.environment:create_environment_scripts_only(cv_basics)
[7.132s] INFO:colcon.colcon_core.shell:Creating package script '/home/luckykoritela/ros_ws/install/cv_basics/share/cv_basics/package.ps1'
[7.135s] INFO:colcon.colcon_core.shell:Creating package descriptor '/home/luckykoritela/ros_ws/install/cv_basics/share/cv_basics/package.dsv'
[7.137s] INFO:colcon.colcon_core.shell:Creating package script '/home/luckykoritela/ros_ws/install/cv_basics/share/cv_basics/package.sh'
[7.139s] INFO:colcon.colcon_core.shell:Creating package script '/home/luckykoritela/ros_ws/install/cv_basics/share/cv_basics/package.bash'
[7.141s] INFO:colcon.colcon_core.shell:Creating package script '/home/luckykoritela/ros_ws/install/cv_basics/share/cv_basics/package.zsh'
[7.143s] Level 1:colcon.colcon_core.environment:create_file_with_runtime_dependencies(/home/luckykoritela/ros_ws/install/cv_basics/share/colcon-core/packages/cv_basics)
[7.146s] DEBUG:colcon.colcon_parallel_executor.executor.parallel:closing loop
[7.146s] DEBUG:colcon.colcon_parallel_executor.executor.parallel:loop closed
[7.146s] DEBUG:colcon.colcon_parallel_executor.executor.parallel:run_until_complete finished with '0'
[7.147s] DEBUG:colcon.colcon_core.event_reactor:joining thread
[7.174s] INFO:colcon.colcon_core.plugin_system:Skipping extension 'colcon_notification.desktop_notification.terminal_notifier': Not used on non-Darwin systems
[7.174s] INFO:colcon.colcon_core.plugin_system:Skipping extension 'colcon_notification.desktop_notification.win32': Not used on non-Windows systems
[7.175s] INFO:colcon.colcon_notification.desktop_notification:Sending desktop notification using 'notify2'
[7.215s] DEBUG:colcon.colcon_core.event_reactor:joined thread
[7.221s] INFO:colcon.colcon_core.shell:Creating prefix script '/home/luckykoritela/ros_ws/install/local_setup.ps1'
[7.224s] INFO:colcon.colcon_core.shell:Creating prefix util module '/home/luckykoritela/ros_ws/install/_local_setup_util_ps1.py'
[7.228s] INFO:colcon.colcon_core.shell:Creating prefix chain script '/home/luckykoritela/ros_ws/install/setup.ps1'
[7.263s] INFO:colcon.colcon_core.shell:Creating prefix script '/home/luckykoritela/ros_ws/install/local_setup.sh'
[7.270s] INFO:colcon.colcon_core.shell:Creating prefix util module '/home/luckykoritela/ros_ws/install/_local_setup_util_sh.py'
[7.273s] INFO:colcon.colcon_core.shell:Creating prefix chain script '/home/luckykoritela/ros_ws/install/setup.sh'
[7.307s] INFO:colcon.colcon_core.shell:Creating prefix script '/home/luckykoritela/ros_ws/install/local_setup.bash'
[7.309s] INFO:colcon.colcon_core.shell:Creating prefix chain script '/home/luckykoritela/ros_ws/install/setup.bash'
[7.340s] INFO:colcon.colcon_core.shell:Creating prefix script '/home/luckykoritela/ros_ws/install/local_setup.zsh'
[7.341s] INFO:colcon.colcon_core.shell:Creating prefix chain script '/home/luckykoritela/ros_ws/install/setup.zsh'
