[0.118s] Invoking command in '/home/luckykoritela/ros_ws/build/cpp_pubsub': CMAKE_PREFIX_PATH=${CMAKE_PREFIX_PATH}:/home/luckykoritela/ros2_rolling/install/rqt_bag_plugins:/home/luckykoritela/ros2_rolling/install/rqt_bag:/home/luckykoritela/ros2_rolling/install/ros2bag:/home/luckykoritela/ros2_rolling/install/tracetools_test:/home/luckykoritela/ros2_rolling/install/tracetools_launch:/home/luckykoritela/ros2_rolling/install/topic_monitor:/home/luckykoritela/ros2_rolling/install/tf2_tools:/home/luckykoritela/ros2_rolling/install/examples_tf2_py:/home/luckykoritela/ros2_rolling/install/tf2_ros_py:/home/luckykoritela/ros2_rolling/install/examples_rclpy_pointcloud_publisher:/home/luckykoritela/ros2_rolling/install/sensor_msgs_py:/home/luckykoritela/ros2_rolling/install/opencv_tests:/home/luckykoritela/ros2_rolling/install/rqt_plot:/home/luckykoritela/ros2_rolling/install/quality_of_service_demo_py:/home/luckykoritela/ros2_rolling/install/lifecycle_py:/home/luckykoritela/ros2_rolling/install/examples_rclpy_minimal_subscriber:/home/luckykoritela/ros2_rolling/install/examples_rclpy_minimal_service:/home/luckykoritela/ros2_rolling/install/examples_rclpy_minimal_publisher:/home/luckykoritela/ros2_rolling/install/examples_rclpy_minimal_client:/home/luckykoritela/ros2_rolling/install/examples_rclpy_executors:/home/luckykoritela/ros2_rolling/install/demo_nodes_py:/home/luckykoritela/ros2_rolling/install/rqt:/home/luckykoritela/ros2_rolling/install/ros2component:/home/luckykoritela/ros2_rolling/install/sros2:/home/luckykoritela/ros2_rolling/install/rqt_topic:/home/luckykoritela/ros2_rolling/install/rqt_srv:/home/luckykoritela/ros2_rolling/install/rqt_shell:/home/luckykoritela/ros2_rolling/install/rqt_service_caller:/home/luckykoritela/ros2_rolling/install/rqt_reconfigure:/home/luckykoritela/ros2_rolling/install/rqt_py_console:/home/luckykoritela/ros2_rolling/install/rqt_publisher:/home/luckykoritela/ros2_rolling/install/rqt_action:/home/luckykoritela/ros2_rolling/install/rqt_msg:/home/luckykoritela/ros2_rolling/install/rqt_console:/home/luckykoritela/ros2_rolling/install/rqt_graph:/home/luckykoritela/ros2_rolling/install/rqt_gui_py:/home/luckykoritela/ros2_rolling/install/rqt_gui:/home/luckykoritela/ros2_rolling/install/ros2trace:/home/luckykoritela/ros2_rolling/install/ros2topic:/home/luckykoritela/ros2_rolling/install/ros2test:/home/luckykoritela/ros2_rolling/install/ros2param:/home/luckykoritela/ros2_rolling/install/ros2lifecycle:/home/luckykoritela/ros2_rolling/install/ros2service:/home/luckykoritela/ros2_rolling/install/ros2run:/home/luckykoritela/ros2_rolling/install/ros2launch:/home/luckykoritela/ros2_rolling/install/ros2pkg:/home/luckykoritela/ros2_rolling/install/ros2node:/home/luckykoritela/ros2_rolling/install/ros2multicast:/home/luckykoritela/ros2_rolling/install/ros2interface:/home/luckykoritela/ros2_rolling/install/ros2doctor:/home/luckykoritela/ros2_rolling/install/ros2action:/home/luckykoritela/ros2_rolling/install/ros2cli:/home/luckykoritela/ros2_rolling/install/launch_testing_ros:/home/luckykoritela/ros2_rolling/install/launch_ros:/home/luckykoritela/ros2_rolling/install/examples_rclpy_minimal_action_server:/home/luckykoritela/ros2_rolling/install/examples_rclpy_minimal_action_client:/home/luckykoritela/ros2_rolling/install/examples_rclpy_guard_conditions:/home/luckykoritela/ros2_rolling/install/action_tutorials_py:/home/luckykoritela/ros2_rolling/install/ament_uncrustify:/home/luckykoritela/ros2_rolling/install/tracetools_trace:/home/luckykoritela/ros2_rolling/install/tracetools_read:/home/luckykoritela/ros2_rolling/install/test_tracetools_launch:/home/luckykoritela/ros2_rolling/install/test_launch_ros:/home/luckykoritela/ros2_rolling/install/rpyutils:/home/luckykoritela/ros2_rolling/install/rosidl_runtime_py:/home/luckykoritela/ros2_rolling/install/rosidl_pycommon:/home/luckykoritela/ros2_rolling/install/rosidl_cli:/home/luckykoritela/ros2_rolling/install/launch_pytest:/home/luckykoritela/ros2_rolling/install/launch_testing:/home/luckykoritela/ros2_rolling/install/launch_yaml:/home/luckykoritela/ros2_rolling/install/launch_xml:/home/luckykoritela/ros2_rolling/install/launch:/home/luckykoritela/ros2_rolling/install/osrf_pycommon:/home/luckykoritela/ros2_rolling/install/launch_testing_examples:/home/luckykoritela/ros2_rolling/install/domain_coordinator:/home/luckykoritela/ros2_rolling/install/ament_xmllint:/home/luckykoritela/ros2_rolling/install/ament_pyflakes:/home/luckykoritela/ros2_rolling/install/ament_pycodestyle:/home/luckykoritela/ros2_rolling/install/ament_pep257:/home/luckykoritela/ros2_rolling/install/ament_pclint:/home/luckykoritela/ros2_rolling/install/ament_package:/home/luckykoritela/ros2_rolling/install/ament_mypy:/home/luckykoritela/ros2_rolling/install/ament_lint_cmake:/home/luckykoritela/ros2_rolling/install/ament_flake8:/home/luckykoritela/ros2_rolling/install/ament_copyright:/home/luckykoritela/ros2_rolling/install/ament_lint:/home/luckykoritela/ros2_rolling/install/ament_index_python:/home/luckykoritela/ros2_rolling/install/ament_cpplint:/home/luckykoritela/ros2_rolling/install/ament_cppcheck:/home/luckykoritela/ros2_rolling/install/ament_clang_tidy:/home/luckykoritela/ros2_rolling/install/ament_clang_format /usr/bin/cmake /home/luckykoritela/ros_ws/src/cpp_pubsub -DCMAKE_INSTALL_PREFIX=/home/luckykoritela/ros_ws/install/cpp_pubsub
[2.066s] -- The C compiler identification is Clang 10.0.0
[2.461s] -- The CXX compiler identification is Clang 10.0.0
[2.521s] -- Check for working C compiler: /usr/bin/clang
[3.008s] -- Check for working C compiler: /usr/bin/clang -- works
[3.013s] -- Detecting C compiler ABI info
[3.340s] -- Detecting C compiler ABI info - done
[3.382s] -- Detecting C compile features
[3.385s] -- Detecting C compile features - done
[3.395s] -- Check for working CXX compiler: /usr/bin/clang++
[3.907s] -- Check for working CXX compiler: /usr/bin/clang++ -- works
[3.909s] -- Detecting CXX compiler ABI info
[4.311s] -- Detecting CXX compiler ABI info - done
[4.359s] -- Detecting CXX compile features
[4.360s] -- Detecting CXX compile features - done
[4.498s] -- Found ament_cmake: 1.5.2 (/home/luckykoritela/ros2_rolling/install/ament_cmake/share/ament_cmake/cmake)
[10.792s] -- Found Python3: /usr/bin/python3.8 (found version "3.8.10") found components: Interpreter 
[12.518s] -- Found rclcpp: 17.1.0 (/home/luckykoritela/ros2_rolling/install/rclcpp/share/rclcpp/cmake)
[12.988s] -- Found rosidl_generator_c: 3.3.1 (/home/luckykoritela/ros2_rolling/install/rosidl_generator_c/share/rosidl_generator_c/cmake)
[13.067s] -- Found rosidl_generator_cpp: 3.3.1 (/home/luckykoritela/ros2_rolling/install/rosidl_generator_cpp/share/rosidl_generator_cpp/cmake)
[13.265s] -- Using all available rosidl_typesupport_c: rosidl_typesupport_introspection_c;rosidl_typesupport_fastrtps_c
[13.495s] -- Using all available rosidl_typesupport_cpp: rosidl_typesupport_introspection_cpp;rosidl_typesupport_fastrtps_cpp
[14.042s] -- Found rmw_implementation_cmake: 6.4.0 (/home/luckykoritela/ros2_rolling/install/rmw_implementation_cmake/share/rmw_implementation_cmake/cmake)
[14.152s] -- Found rmw_fastrtps_cpp: 6.5.0 (/home/luckykoritela/ros2_rolling/install/rmw_fastrtps_cpp/share/rmw_fastrtps_cpp/cmake)
[14.919s] -- Found OpenSSL: /usr/lib/x86_64-linux-gnu/libcrypto.so (found version "1.1.1f")  
[15.061s] -- Found FastRTPS: /home/luckykoritela/ros2_rolling/install/fastrtps/include  
[15.343s] -- Using RMW implementation 'rmw_fastrtps_cpp' as default
[15.460s] -- Looking for pthread.h
[15.795s] -- Looking for pthread.h - found
[15.796s] -- Performing Test CMAKE_HAVE_LIBC_PTHREAD
[16.103s] -- Performing Test CMAKE_HAVE_LIBC_PTHREAD - Failed
[16.104s] -- Looking for pthread_create in pthreads
[16.367s] -- Looking for pthread_create in pthreads - not found
[16.367s] -- Looking for pthread_create in pthread
[16.645s] -- Looking for pthread_create in pthread - found
[16.646s] -- Found Threads: TRUE  
[17.095s] -- Found std_msgs: 4.6.1 (/home/luckykoritela/ros2_rolling/install/std_msgs/share/std_msgs/cmake)
[17.207s] CMake Error at /home/luckykoritela/ros2_rolling/install/ament_cmake_target_dependencies/share/ament_cmake_target_dependencies/cmake/ament_target_dependencies.cmake:77 (message):
[17.208s]   ament_target_dependencies() the passed package name 'rclpp' was not found
[17.208s]   before
[17.208s] Call Stack (most recent call first):
[17.208s]   CMakeLists.txt:17 (ament_target_dependencies)
[17.208s] 
[17.208s] 
[17.211s] -- Configuring incomplete, errors occurred!
[17.211s] See also "/home/luckykoritela/ros_ws/build/cpp_pubsub/CMakeFiles/CMakeOutput.log".
[17.211s] See also "/home/luckykoritela/ros_ws/build/cpp_pubsub/CMakeFiles/CMakeError.log".
[17.226s] Invoked command in '/home/luckykoritela/ros_ws/build/cpp_pubsub' returned '1': CMAKE_PREFIX_PATH=${CMAKE_PREFIX_PATH}:/home/luckykoritela/ros2_rolling/install/rqt_bag_plugins:/home/luckykoritela/ros2_rolling/install/rqt_bag:/home/luckykoritela/ros2_rolling/install/ros2bag:/home/luckykoritela/ros2_rolling/install/tracetools_test:/home/luckykoritela/ros2_rolling/install/tracetools_launch:/home/luckykoritela/ros2_rolling/install/topic_monitor:/home/luckykoritela/ros2_rolling/install/tf2_tools:/home/luckykoritela/ros2_rolling/install/examples_tf2_py:/home/luckykoritela/ros2_rolling/install/tf2_ros_py:/home/luckykoritela/ros2_rolling/install/examples_rclpy_pointcloud_publisher:/home/luckykoritela/ros2_rolling/install/sensor_msgs_py:/home/luckykoritela/ros2_rolling/install/opencv_tests:/home/luckykoritela/ros2_rolling/install/rqt_plot:/home/luckykoritela/ros2_rolling/install/quality_of_service_demo_py:/home/luckykoritela/ros2_rolling/install/lifecycle_py:/home/luckykoritela/ros2_rolling/install/examples_rclpy_minimal_subscriber:/home/luckykoritela/ros2_rolling/install/examples_rclpy_minimal_service:/home/luckykoritela/ros2_rolling/install/examples_rclpy_minimal_publisher:/home/luckykoritela/ros2_rolling/install/examples_rclpy_minimal_client:/home/luckykoritela/ros2_rolling/install/examples_rclpy_executors:/home/luckykoritela/ros2_rolling/install/demo_nodes_py:/home/luckykoritela/ros2_rolling/install/rqt:/home/luckykoritela/ros2_rolling/install/ros2component:/home/luckykoritela/ros2_rolling/install/sros2:/home/luckykoritela/ros2_rolling/install/rqt_topic:/home/luckykoritela/ros2_rolling/install/rqt_srv:/home/luckykoritela/ros2_rolling/install/rqt_shell:/home/luckykoritela/ros2_rolling/install/rqt_service_caller:/home/luckykoritela/ros2_rolling/install/rqt_reconfigure:/home/luckykoritela/ros2_rolling/install/rqt_py_console:/home/luckykoritela/ros2_rolling/install/rqt_publisher:/home/luckykoritela/ros2_rolling/install/rqt_action:/home/luckykoritela/ros2_rolling/install/rqt_msg:/home/luckykoritela/ros2_rolling/install/rqt_console:/home/luckykoritela/ros2_rolling/install/rqt_graph:/home/luckykoritela/ros2_rolling/install/rqt_gui_py:/home/luckykoritela/ros2_rolling/install/rqt_gui:/home/luckykoritela/ros2_rolling/install/ros2trace:/home/luckykoritela/ros2_rolling/install/ros2topic:/home/luckykoritela/ros2_rolling/install/ros2test:/home/luckykoritela/ros2_rolling/install/ros2param:/home/luckykoritela/ros2_rolling/install/ros2lifecycle:/home/luckykoritela/ros2_rolling/install/ros2service:/home/luckykoritela/ros2_rolling/install/ros2run:/home/luckykoritela/ros2_rolling/install/ros2launch:/home/luckykoritela/ros2_rolling/install/ros2pkg:/home/luckykoritela/ros2_rolling/install/ros2node:/home/luckykoritela/ros2_rolling/install/ros2multicast:/home/luckykoritela/ros2_rolling/install/ros2interface:/home/luckykoritela/ros2_rolling/install/ros2doctor:/home/luckykoritela/ros2_rolling/install/ros2action:/home/luckykoritela/ros2_rolling/install/ros2cli:/home/luckykoritela/ros2_rolling/install/launch_testing_ros:/home/luckykoritela/ros2_rolling/install/launch_ros:/home/luckykoritela/ros2_rolling/install/examples_rclpy_minimal_action_server:/home/luckykoritela/ros2_rolling/install/examples_rclpy_minimal_action_client:/home/luckykoritela/ros2_rolling/install/examples_rclpy_guard_conditions:/home/luckykoritela/ros2_rolling/install/action_tutorials_py:/home/luckykoritela/ros2_rolling/install/ament_uncrustify:/home/luckykoritela/ros2_rolling/install/tracetools_trace:/home/luckykoritela/ros2_rolling/install/tracetools_read:/home/luckykoritela/ros2_rolling/install/test_tracetools_launch:/home/luckykoritela/ros2_rolling/install/test_launch_ros:/home/luckykoritela/ros2_rolling/install/rpyutils:/home/luckykoritela/ros2_rolling/install/rosidl_runtime_py:/home/luckykoritela/ros2_rolling/install/rosidl_pycommon:/home/luckykoritela/ros2_rolling/install/rosidl_cli:/home/luckykoritela/ros2_rolling/install/launch_pytest:/home/luckykoritela/ros2_rolling/install/launch_testing:/home/luckykoritela/ros2_rolling/install/launch_yaml:/home/luckykoritela/ros2_rolling/install/launch_xml:/home/luckykoritela/ros2_rolling/install/launch:/home/luckykoritela/ros2_rolling/install/osrf_pycommon:/home/luckykoritela/ros2_rolling/install/launch_testing_examples:/home/luckykoritela/ros2_rolling/install/domain_coordinator:/home/luckykoritela/ros2_rolling/install/ament_xmllint:/home/luckykoritela/ros2_rolling/install/ament_pyflakes:/home/luckykoritela/ros2_rolling/install/ament_pycodestyle:/home/luckykoritela/ros2_rolling/install/ament_pep257:/home/luckykoritela/ros2_rolling/install/ament_pclint:/home/luckykoritela/ros2_rolling/install/ament_package:/home/luckykoritela/ros2_rolling/install/ament_mypy:/home/luckykoritela/ros2_rolling/install/ament_lint_cmake:/home/luckykoritela/ros2_rolling/install/ament_flake8:/home/luckykoritela/ros2_rolling/install/ament_copyright:/home/luckykoritela/ros2_rolling/install/ament_lint:/home/luckykoritela/ros2_rolling/install/ament_index_python:/home/luckykoritela/ros2_rolling/install/ament_cpplint:/home/luckykoritela/ros2_rolling/install/ament_cppcheck:/home/luckykoritela/ros2_rolling/install/ament_clang_tidy:/home/luckykoritela/ros2_rolling/install/ament_clang_format /usr/bin/cmake /home/luckykoritela/ros_ws/src/cpp_pubsub -DCMAKE_INSTALL_PREFIX=/home/luckykoritela/ros_ws/install/cpp_pubsub
