[0.609s] DEBUG:colcon:Command line arguments: ['/usr/bin/colcon', 'build', '--packages-select', 'cv_basics']
[0.609s] DEBUG:colcon:Parsed command line arguments: Namespace(allow_overriding=[], ament_cmake_args=None, base_paths=['.'], build_base='build', catkin_cmake_args=None, catkin_skip_building_tests=False, cmake_args=None, cmake_clean_cache=False, cmake_clean_first=False, cmake_force_configure=False, cmake_target=None, cmake_target_skip_unavailable=False, continue_on_error=False, event_handlers=None, executor='parallel', ignore_user_meta=False, install_base='install', log_base=None, log_level=None, main=<bound method BuildVerb.main of <colcon_core.verb.build.BuildVerb object at 0x7ff674437970>>, merge_install=False, metas=['./colcon.meta'], packages_above=None, packages_above_and_dependencies=None, packages_above_depth=None, packages_end=None, packages_ignore=None, packages_ignore_regex=None, packages_select=['cv_basics'], packages_select_build_failed=False, packages_select_by_dep=None, packages_select_regex=None, packages_select_test_failures=False, packages_skip=None, packages_skip_build_finished=False, packages_skip_by_dep=None, packages_skip_regex=None, packages_skip_test_passed=False, packages_skip_up_to=None, packages_start=None, packages_up_to=None, packages_up_to_regex=None, parallel_workers=4, paths=None, symlink_install=False, test_result_base=None, verb_extension=<colcon_core.verb.build.BuildVerb object at 0x7ff674437970>, verb_name='build', verb_parser=<colcon_defaults.argument_parser.defaults.DefaultArgumentsDecorator object at 0x7ff674437ee0>)
[0.729s] Level 1:colcon.colcon_core.package_discovery:discover_packages(colcon_meta) check parameters
[0.729s] Level 1:colcon.colcon_core.package_discovery:discover_packages(recursive) check parameters
[0.729s] Level 1:colcon.colcon_core.package_discovery:discover_packages(ignore) check parameters
[0.729s] Level 1:colcon.colcon_core.package_discovery:discover_packages(path) check parameters
[0.729s] Level 1:colcon.colcon_core.package_discovery:discover_packages(colcon_meta) discover
[0.729s] Level 1:colcon.colcon_core.package_discovery:discover_packages(recursive) discover
[0.730s] INFO:colcon.colcon_core.package_discovery:Crawling recursively for packages in '/home/luckykoritela/ros_ws'
[0.730s] Level 1:colcon.colcon_core.package_identification:_identify(.) by extensions ['ignore', 'ignore_ament_install']
[0.730s] Level 1:colcon.colcon_core.package_identification:_identify(.) by extension 'ignore'
[0.730s] Level 1:colcon.colcon_core.package_identification:_identify(.) by extension 'ignore_ament_install'
[0.730s] Level 1:colcon.colcon_core.package_identification:_identify(.) by extensions ['colcon_pkg']
[0.730s] Level 1:colcon.colcon_core.package_identification:_identify(.) by extension 'colcon_pkg'
[0.730s] Level 1:colcon.colcon_core.package_identification:_identify(.) by extensions ['colcon_meta']
[0.730s] Level 1:colcon.colcon_core.package_identification:_identify(.) by extension 'colcon_meta'
[0.730s] Level 1:colcon.colcon_core.package_identification:_identify(.) by extensions ['ros']
[0.730s] Level 1:colcon.colcon_core.package_identification:_identify(.) by extension 'ros'
[0.775s] Level 1:colcon.colcon_core.package_identification:_identify(.) by extensions ['cmake', 'python']
[0.776s] Level 1:colcon.colcon_core.package_identification:_identify(.) by extension 'cmake'
[0.776s] Level 1:colcon.colcon_core.package_identification:_identify(.) by extension 'python'
[0.776s] Level 1:colcon.colcon_core.package_identification:_identify(.) by extensions ['python_setup_py']
[0.776s] Level 1:colcon.colcon_core.package_identification:_identify(.) by extension 'python_setup_py'
[0.776s] Level 1:colcon.colcon_core.package_identification:_identify(build) by extensions ['ignore', 'ignore_ament_install']
[0.776s] Level 1:colcon.colcon_core.package_identification:_identify(build) by extension 'ignore'
[0.776s] Level 1:colcon.colcon_core.package_identification:_identify(build) ignored
[0.777s] Level 1:colcon.colcon_core.package_identification:_identify(install) by extensions ['ignore', 'ignore_ament_install']
[0.777s] Level 1:colcon.colcon_core.package_identification:_identify(install) by extension 'ignore'
[0.777s] Level 1:colcon.colcon_core.package_identification:_identify(install) ignored
[0.777s] Level 1:colcon.colcon_core.package_identification:_identify(log) by extensions ['ignore', 'ignore_ament_install']
[0.777s] Level 1:colcon.colcon_core.package_identification:_identify(log) by extension 'ignore'
[0.777s] Level 1:colcon.colcon_core.package_identification:_identify(log) ignored
[0.777s] Level 1:colcon.colcon_core.package_identification:_identify(src) by extensions ['ignore', 'ignore_ament_install']
[0.778s] Level 1:colcon.colcon_core.package_identification:_identify(src) by extension 'ignore'
[0.778s] Level 1:colcon.colcon_core.package_identification:_identify(src) by extension 'ignore_ament_install'
[0.778s] Level 1:colcon.colcon_core.package_identification:_identify(src) by extensions ['colcon_pkg']
[0.778s] Level 1:colcon.colcon_core.package_identification:_identify(src) by extension 'colcon_pkg'
[0.778s] Level 1:colcon.colcon_core.package_identification:_identify(src) by extensions ['colcon_meta']
[0.778s] Level 1:colcon.colcon_core.package_identification:_identify(src) by extension 'colcon_meta'
[0.778s] Level 1:colcon.colcon_core.package_identification:_identify(src) by extensions ['ros']
[0.778s] Level 1:colcon.colcon_core.package_identification:_identify(src) by extension 'ros'
[0.778s] Level 1:colcon.colcon_core.package_identification:_identify(src) by extensions ['cmake', 'python']
[0.778s] Level 1:colcon.colcon_core.package_identification:_identify(src) by extension 'cmake'
[0.778s] Level 1:colcon.colcon_core.package_identification:_identify(src) by extension 'python'
[0.778s] Level 1:colcon.colcon_core.package_identification:_identify(src) by extensions ['python_setup_py']
[0.779s] Level 1:colcon.colcon_core.package_identification:_identify(src) by extension 'python_setup_py'
[0.779s] Level 1:colcon.colcon_core.package_identification:_identify(src/cv_basics) by extensions ['ignore', 'ignore_ament_install']
[0.779s] Level 1:colcon.colcon_core.package_identification:_identify(src/cv_basics) by extension 'ignore'
[0.779s] Level 1:colcon.colcon_core.package_identification:_identify(src/cv_basics) by extension 'ignore_ament_install'
[0.779s] Level 1:colcon.colcon_core.package_identification:_identify(src/cv_basics) by extensions ['colcon_pkg']
[0.780s] Level 1:colcon.colcon_core.package_identification:_identify(src/cv_basics) by extension 'colcon_pkg'
[0.780s] Level 1:colcon.colcon_core.package_identification:_identify(src/cv_basics) by extensions ['colcon_meta']
[0.780s] Level 1:colcon.colcon_core.package_identification:_identify(src/cv_basics) by extension 'colcon_meta'
[0.780s] Level 1:colcon.colcon_core.package_identification:_identify(src/cv_basics) by extensions ['ros']
[0.780s] Level 1:colcon.colcon_core.package_identification:_identify(src/cv_basics) by extension 'ros'
[0.784s] DEBUG:colcon.colcon_core.package_identification:Package 'src/cv_basics' with type 'ros.ament_python' and name 'cv_basics'
[0.785s] Level 1:colcon.colcon_core.package_discovery:discover_packages(recursive) using defaults
[0.785s] Level 1:colcon.colcon_core.package_discovery:discover_packages(ignore) discover
[0.785s] Level 1:colcon.colcon_core.package_discovery:discover_packages(ignore) using defaults
[0.785s] Level 1:colcon.colcon_core.package_discovery:discover_packages(path) discover
[0.785s] Level 1:colcon.colcon_core.package_discovery:discover_packages(path) using defaults
[0.892s] Level 1:colcon.colcon_core.package_discovery:discover_packages(prefix_path) check parameters
[0.893s] Level 1:colcon.colcon_core.package_discovery:discover_packages(prefix_path) discover
[1.016s] DEBUG:colcon.colcon_installed_package_information.package_discovery:Found 350 installed packages in /home/luckykoritela/ros2_rolling/install
[1.028s] Level 1:colcon.colcon_core.package_discovery:discover_packages(prefix_path) using defaults
[1.169s] Level 5:colcon.colcon_core.verb:set package 'cv_basics' build argument 'cmake_args' from command line to 'None'
[1.170s] Level 5:colcon.colcon_core.verb:set package 'cv_basics' build argument 'cmake_target' from command line to 'None'
[1.170s] Level 5:colcon.colcon_core.verb:set package 'cv_basics' build argument 'cmake_target_skip_unavailable' from command line to 'False'
[1.170s] Level 5:colcon.colcon_core.verb:set package 'cv_basics' build argument 'cmake_clean_cache' from command line to 'False'
[1.170s] Level 5:colcon.colcon_core.verb:set package 'cv_basics' build argument 'cmake_clean_first' from command line to 'False'
[1.170s] Level 5:colcon.colcon_core.verb:set package 'cv_basics' build argument 'cmake_force_configure' from command line to 'False'
[1.170s] Level 5:colcon.colcon_core.verb:set package 'cv_basics' build argument 'ament_cmake_args' from command line to 'None'
[1.170s] Level 5:colcon.colcon_core.verb:set package 'cv_basics' build argument 'catkin_cmake_args' from command line to 'None'
[1.170s] Level 5:colcon.colcon_core.verb:set package 'cv_basics' build argument 'catkin_skip_building_tests' from command line to 'False'
[1.170s] DEBUG:colcon.colcon_core.verb:Building package 'cv_basics' with the following arguments: {'ament_cmake_args': None, 'build_base': '/home/luckykoritela/ros_ws/build/cv_basics', 'catkin_cmake_args': None, 'catkin_skip_building_tests': False, 'cmake_args': None, 'cmake_clean_cache': False, 'cmake_clean_first': False, 'cmake_force_configure': False, 'cmake_target': None, 'cmake_target_skip_unavailable': False, 'install_base': '/home/luckykoritela/ros_ws/install/cv_basics', 'merge_install': False, 'path': '/home/luckykoritela/ros_ws/src/cv_basics', 'symlink_install': False, 'test_result_base': None}
[1.173s] INFO:colcon.colcon_core.executor:Executing jobs using 'parallel' executor
[1.189s] DEBUG:colcon.colcon_parallel_executor.executor.parallel:run_until_complete
[1.191s] INFO:colcon.colcon_ros.task.ament_python.build:Building ROS package in '/home/luckykoritela/ros_ws/src/cv_basics' with build type 'ament_python'
[1.191s] Level 1:colcon.colcon_core.shell:create_environment_hook('cv_basics', 'ament_prefix_path')
[1.213s] INFO:colcon.colcon_core.plugin_system:Skipping extension 'colcon_core.shell.bat': Not used on non-Windows systems
[1.213s] INFO:colcon.colcon_core.shell:Creating environment hook '/home/luckykoritela/ros_ws/install/cv_basics/share/cv_basics/hook/ament_prefix_path.ps1'
[1.215s] INFO:colcon.colcon_core.shell:Creating environment descriptor '/home/luckykoritela/ros_ws/install/cv_basics/share/cv_basics/hook/ament_prefix_path.dsv'
[1.216s] INFO:colcon.colcon_core.shell:Creating environment hook '/home/luckykoritela/ros_ws/install/cv_basics/share/cv_basics/hook/ament_prefix_path.sh'
[1.223s] INFO:colcon.colcon_core.shell:Skip shell extension 'powershell' for command environment: Not usable outside of PowerShell
[1.223s] DEBUG:colcon.colcon_core.shell:Skip shell extension 'dsv' for command environment
[3.307s] INFO:colcon.colcon_core.task.python.build:Building Python package in '/home/luckykoritela/ros_ws/src/cv_basics'
[3.314s] INFO:colcon.colcon_core.shell:Skip shell extension 'powershell' for command environment: Not usable outside of PowerShell
[3.314s] DEBUG:colcon.colcon_core.shell:Skip shell extension 'dsv' for command environment
[6.121s] DEBUG:colcon.colcon_core.event_handler.log_command:Invoking command in '/home/luckykoritela/ros_ws/src/cv_basics': PYTHONPATH=/home/luckykoritela/ros_ws/install/cv_basics/lib/python3.8/site-packages:${PYTHONPATH} /usr/bin/python3 setup.py egg_info --egg-base ../../build/cv_basics build --build-base /home/luckykoritela/ros_ws/build/cv_basics/build install --prefix /home/luckykoritela/ros_ws/install/cv_basics --record /home/luckykoritela/ros_ws/build/cv_basics/install.log --single-version-externally-managed
[8.135s] DEBUG:colcon.colcon_core.event_handler.log_command:Invoked command in '/home/luckykoritela/ros_ws/src/cv_basics' returned '0': PYTHONPATH=/home/luckykoritela/ros_ws/install/cv_basics/lib/python3.8/site-packages:${PYTHONPATH} /usr/bin/python3 setup.py egg_info --egg-base ../../build/cv_basics build --build-base /home/luckykoritela/ros_ws/build/cv_basics/build install --prefix /home/luckykoritela/ros_ws/install/cv_basics --record /home/luckykoritela/ros_ws/build/cv_basics/install.log --single-version-externally-managed
[8.159s] Level 1:colcon.colcon_core.environment:checking '/home/luckykoritela/ros_ws/install/cv_basics' for CMake module files
[8.161s] Level 1:colcon.colcon_core.environment:checking '/home/luckykoritela/ros_ws/install/cv_basics' for CMake config files
[8.165s] Level 1:colcon.colcon_core.shell:create_environment_hook('cv_basics', 'cmake_prefix_path')
[8.170s] INFO:colcon.colcon_core.shell:Creating environment hook '/home/luckykoritela/ros_ws/install/cv_basics/share/cv_basics/hook/cmake_prefix_path.ps1'
[8.173s] INFO:colcon.colcon_core.shell:Creating environment descriptor '/home/luckykoritela/ros_ws/install/cv_basics/share/cv_basics/hook/cmake_prefix_path.dsv'
[8.174s] INFO:colcon.colcon_core.shell:Creating environment hook '/home/luckykoritela/ros_ws/install/cv_basics/share/cv_basics/hook/cmake_prefix_path.sh'
[8.177s] Level 1:colcon.colcon_core.environment:checking '/home/luckykoritela/ros_ws/install/cv_basics/lib'
[8.177s] Level 1:colcon.colcon_core.environment:checking '/home/luckykoritela/ros_ws/install/cv_basics/bin'
[8.178s] Level 1:colcon.colcon_core.environment:checking '/home/luckykoritela/ros_ws/install/cv_basics/lib/pkgconfig/cv_basics.pc'
[8.178s] Level 1:colcon.colcon_core.environment:checking '/home/luckykoritela/ros_ws/install/cv_basics/lib/python3.8/site-packages'
[8.178s] Level 1:colcon.colcon_core.shell:create_environment_hook('cv_basics', 'pythonpath')
[8.185s] INFO:colcon.colcon_core.shell:Creating environment hook '/home/luckykoritela/ros_ws/install/cv_basics/share/cv_basics/hook/pythonpath.ps1'
[8.186s] INFO:colcon.colcon_core.shell:Creating environment descriptor '/home/luckykoritela/ros_ws/install/cv_basics/share/cv_basics/hook/pythonpath.dsv'
[8.188s] INFO:colcon.colcon_core.shell:Creating environment hook '/home/luckykoritela/ros_ws/install/cv_basics/share/cv_basics/hook/pythonpath.sh'
[8.189s] Level 1:colcon.colcon_core.environment:checking '/home/luckykoritela/ros_ws/install/cv_basics/bin'
[8.189s] Level 1:colcon.colcon_core.environment:create_environment_scripts_only(cv_basics)
[8.194s] INFO:colcon.colcon_core.shell:Creating package script '/home/luckykoritela/ros_ws/install/cv_basics/share/cv_basics/package.ps1'
[8.201s] INFO:colcon.colcon_core.shell:Creating package descriptor '/home/luckykoritela/ros_ws/install/cv_basics/share/cv_basics/package.dsv'
[8.205s] INFO:colcon.colcon_core.shell:Creating package script '/home/luckykoritela/ros_ws/install/cv_basics/share/cv_basics/package.sh'
[8.208s] INFO:colcon.colcon_core.shell:Creating package script '/home/luckykoritela/ros_ws/install/cv_basics/share/cv_basics/package.bash'
[8.211s] INFO:colcon.colcon_core.shell:Creating package script '/home/luckykoritela/ros_ws/install/cv_basics/share/cv_basics/package.zsh'
[8.214s] Level 1:colcon.colcon_core.environment:create_file_with_runtime_dependencies(/home/luckykoritela/ros_ws/install/cv_basics/share/colcon-core/packages/cv_basics)
[8.216s] DEBUG:colcon.colcon_parallel_executor.executor.parallel:closing loop
[8.217s] DEBUG:colcon.colcon_parallel_executor.executor.parallel:loop closed
[8.217s] DEBUG:colcon.colcon_parallel_executor.executor.parallel:run_until_complete finished with '0'
[8.218s] DEBUG:colcon.colcon_core.event_reactor:joining thread
[8.259s] INFO:colcon.colcon_core.plugin_system:Skipping extension 'colcon_notification.desktop_notification.terminal_notifier': Not used on non-Darwin systems
[8.259s] INFO:colcon.colcon_core.plugin_system:Skipping extension 'colcon_notification.desktop_notification.win32': Not used on non-Windows systems
[8.259s] INFO:colcon.colcon_notification.desktop_notification:Sending desktop notification using 'notify2'
[8.308s] DEBUG:colcon.colcon_core.event_reactor:joined thread
[8.314s] INFO:colcon.colcon_core.shell:Creating prefix script '/home/luckykoritela/ros_ws/install/local_setup.ps1'
[8.316s] INFO:colcon.colcon_core.shell:Creating prefix util module '/home/luckykoritela/ros_ws/install/_local_setup_util_ps1.py'
[8.320s] INFO:colcon.colcon_core.shell:Creating prefix chain script '/home/luckykoritela/ros_ws/install/setup.ps1'
[8.354s] INFO:colcon.colcon_core.shell:Creating prefix script '/home/luckykoritela/ros_ws/install/local_setup.sh'
[8.356s] INFO:colcon.colcon_core.shell:Creating prefix util module '/home/luckykoritela/ros_ws/install/_local_setup_util_sh.py'
[8.358s] INFO:colcon.colcon_core.shell:Creating prefix chain script '/home/luckykoritela/ros_ws/install/setup.sh'
[8.393s] INFO:colcon.colcon_core.shell:Creating prefix script '/home/luckykoritela/ros_ws/install/local_setup.bash'
[8.395s] INFO:colcon.colcon_core.shell:Creating prefix chain script '/home/luckykoritela/ros_ws/install/setup.bash'
[8.440s] INFO:colcon.colcon_core.shell:Creating prefix script '/home/luckykoritela/ros_ws/install/local_setup.zsh'
[8.443s] INFO:colcon.colcon_core.shell:Creating prefix chain script '/home/luckykoritela/ros_ws/install/setup.zsh'
